mode: atomic
github.com/timescale/tsbs/cmd/tsbs_generate_data/serialize/MongoTag.go:13.75,18.2 4 0
github.com/timescale/tsbs/cmd/tsbs_generate_data/serialize/MongoTag.go:20.63,23.2 2 9
github.com/timescale/tsbs/cmd/tsbs_generate_data/serialize/MongoTag.go:25.48,27.2 1 0
github.com/timescale/tsbs/cmd/tsbs_generate_data/serialize/MongoTag.go:29.35,31.12 2 9
github.com/timescale/tsbs/cmd/tsbs_generate_data/serialize/MongoTag.go:34.2,34.12 1 0
github.com/timescale/tsbs/cmd/tsbs_generate_data/serialize/MongoTag.go:31.12,33.3 1 9
github.com/timescale/tsbs/cmd/tsbs_generate_data/serialize/MongoTag.go:37.37,39.12 2 9
github.com/timescale/tsbs/cmd/tsbs_generate_data/serialize/MongoTag.go:42.2,42.12 1 0
github.com/timescale/tsbs/cmd/tsbs_generate_data/serialize/MongoTag.go:39.12,41.3 1 9
github.com/timescale/tsbs/cmd/tsbs_generate_data/serialize/MongoTag.go:45.50,47.2 1 15
github.com/timescale/tsbs/cmd/tsbs_generate_data/serialize/MongoTag.go:48.77,50.2 1 15
github.com/timescale/tsbs/cmd/tsbs_generate_data/serialize/MongoTag.go:51.81,53.2 1 15
github.com/timescale/tsbs/cmd/tsbs_generate_data/serialize/MongoTag.go:54.69,56.2 1 15
github.com/timescale/tsbs/cmd/tsbs_generate_data/serialize/cratedb.go:20.68,28.24 4 5
github.com/timescale/tsbs/cmd/tsbs_generate_data/serialize/cratedb.go:44.2,49.34 4 5
github.com/timescale/tsbs/cmd/tsbs_generate_data/serialize/cratedb.go:53.2,55.12 3 5
github.com/timescale/tsbs/cmd/tsbs_generate_data/serialize/cratedb.go:28.24,30.33 2 4
github.com/timescale/tsbs/cmd/tsbs_generate_data/serialize/cratedb.go:37.3,38.25 2 4
github.com/timescale/tsbs/cmd/tsbs_generate_data/serialize/cratedb.go:30.33,36.4 5 12
github.com/timescale/tsbs/cmd/tsbs_generate_data/serialize/cratedb.go:39.8,41.3 1 1
github.com/timescale/tsbs/cmd/tsbs_generate_data/serialize/cratedb.go:49.34,52.3 2 9
github.com/timescale/tsbs/cmd/tsbs_generate_data/serialize/mongo.go:13.26,15.3 1 6
github.com/timescale/tsbs/cmd/tsbs_generate_data/serialize/mongo.go:22.72,29.38 4 7
github.com/timescale/tsbs/cmd/tsbs_generate_data/serialize/mongo.go:45.2,46.25 2 7
github.com/timescale/tsbs/cmd/tsbs_generate_data/serialize/mongo.go:49.2,54.40 3 7
github.com/timescale/tsbs/cmd/tsbs_generate_data/serialize/mongo.go:62.2,63.27 2 6
github.com/timescale/tsbs/cmd/tsbs_generate_data/serialize/mongo.go:66.2,82.16 14 6
github.com/timescale/tsbs/cmd/tsbs_generate_data/serialize/mongo.go:87.2,88.16 2 5
github.com/timescale/tsbs/cmd/tsbs_generate_data/serialize/mongo.go:93.2,96.12 3 4
github.com/timescale/tsbs/cmd/tsbs_generate_data/serialize/mongo.go:29.38,30.39 1 15
github.com/timescale/tsbs/cmd/tsbs_generate_data/serialize/mongo.go:31.15,38.39 7 15
github.com/timescale/tsbs/cmd/tsbs_generate_data/serialize/mongo.go:39.12,40.12 1 0
github.com/timescale/tsbs/cmd/tsbs_generate_data/serialize/mongo.go:41.11,42.57 1 0
github.com/timescale/tsbs/cmd/tsbs_generate_data/serialize/mongo.go:46.25,48.3 1 15
github.com/timescale/tsbs/cmd/tsbs_generate_data/serialize/mongo.go:54.40,56.17 2 13
github.com/timescale/tsbs/cmd/tsbs_generate_data/serialize/mongo.go:59.3,60.36 2 13
github.com/timescale/tsbs/cmd/tsbs_generate_data/serialize/mongo.go:56.17,57.12 1 0
github.com/timescale/tsbs/cmd/tsbs_generate_data/serialize/mongo.go:63.27,65.3 1 12
github.com/timescale/tsbs/cmd/tsbs_generate_data/serialize/mongo.go:82.16,84.3 1 1
github.com/timescale/tsbs/cmd/tsbs_generate_data/serialize/mongo.go:88.16,90.3 1 1
github.com/timescale/tsbs/cmd/tsbs_generate_data/serialize/mongo.go:99.92,105.2 5 13
github.com/timescale/tsbs/cmd/tsbs_generate_data/serialize/mongo.go:106.62,107.29 1 13
github.com/timescale/tsbs/cmd/tsbs_generate_data/serialize/mongo.go:108.15,109.31 1 5
github.com/timescale/tsbs/cmd/tsbs_generate_data/serialize/mongo.go:110.15,111.40 1 0
github.com/timescale/tsbs/cmd/tsbs_generate_data/serialize/mongo.go:112.11,113.40 1 4
github.com/timescale/tsbs/cmd/tsbs_generate_data/serialize/mongo.go:114.13,115.40 1 3
github.com/timescale/tsbs/cmd/tsbs_generate_data/serialize/mongo.go:116.10,117.57 1 1
github.com/timescale/tsbs/cmd/tsbs_generate_data/serialize/util.go:9.57,10.18 1 120
github.com/timescale/tsbs/cmd/tsbs_generate_data/serialize/util.go:11.11,12.52 1 21
github.com/timescale/tsbs/cmd/tsbs_generate_data/serialize/util.go:13.13,14.47 1 23
github.com/timescale/tsbs/cmd/tsbs_generate_data/serialize/util.go:15.15,20.60 1 19
github.com/timescale/tsbs/cmd/tsbs_generate_data/serialize/util.go:21.15,22.69 1 1
github.com/timescale/tsbs/cmd/tsbs_generate_data/serialize/util.go:23.12,24.43 1 1
github.com/timescale/tsbs/cmd/tsbs_generate_data/serialize/util.go:25.14,27.13 2 5
github.com/timescale/tsbs/cmd/tsbs_generate_data/serialize/util.go:28.14,30.13 2 49
github.com/timescale/tsbs/cmd/tsbs_generate_data/serialize/util.go:31.11,32.13 1 0
github.com/timescale/tsbs/cmd/tsbs_generate_data/serialize/util.go:33.10,34.54 1 1
github.com/timescale/tsbs/cmd/tsbs_generate_data/serialize/MongoPoint.go:13.79,18.2 4 0
github.com/timescale/tsbs/cmd/tsbs_generate_data/serialize/MongoPoint.go:20.65,23.2 2 4
github.com/timescale/tsbs/cmd/tsbs_generate_data/serialize/MongoPoint.go:25.50,27.2 1 0
github.com/timescale/tsbs/cmd/tsbs_generate_data/serialize/MongoPoint.go:29.49,31.12 2 4
github.com/timescale/tsbs/cmd/tsbs_generate_data/serialize/MongoPoint.go:34.2,34.12 1 0
github.com/timescale/tsbs/cmd/tsbs_generate_data/serialize/MongoPoint.go:31.12,33.3 1 4
github.com/timescale/tsbs/cmd/tsbs_generate_data/serialize/MongoPoint.go:37.42,39.12 2 4
github.com/timescale/tsbs/cmd/tsbs_generate_data/serialize/MongoPoint.go:42.2,42.10 1 0
github.com/timescale/tsbs/cmd/tsbs_generate_data/serialize/MongoPoint.go:39.12,41.3 1 4
github.com/timescale/tsbs/cmd/tsbs_generate_data/serialize/MongoPoint.go:45.54,47.2 1 0
github.com/timescale/tsbs/cmd/tsbs_generate_data/serialize/MongoPoint.go:49.56,51.12 2 9
github.com/timescale/tsbs/cmd/tsbs_generate_data/serialize/MongoPoint.go:58.2,58.14 1 0
github.com/timescale/tsbs/cmd/tsbs_generate_data/serialize/MongoPoint.go:51.12,57.3 5 9
github.com/timescale/tsbs/cmd/tsbs_generate_data/serialize/MongoPoint.go:61.41,63.12 2 21
github.com/timescale/tsbs/cmd/tsbs_generate_data/serialize/MongoPoint.go:66.2,66.10 1 0
github.com/timescale/tsbs/cmd/tsbs_generate_data/serialize/MongoPoint.go:63.12,65.3 1 21
github.com/timescale/tsbs/cmd/tsbs_generate_data/serialize/MongoPoint.go:69.62,71.12 2 6
github.com/timescale/tsbs/cmd/tsbs_generate_data/serialize/MongoPoint.go:78.2,78.14 1 0
github.com/timescale/tsbs/cmd/tsbs_generate_data/serialize/MongoPoint.go:71.12,77.3 5 6
github.com/timescale/tsbs/cmd/tsbs_generate_data/serialize/MongoPoint.go:81.43,83.12 2 18
github.com/timescale/tsbs/cmd/tsbs_generate_data/serialize/MongoPoint.go:86.2,86.10 1 0
github.com/timescale/tsbs/cmd/tsbs_generate_data/serialize/MongoPoint.go:83.12,85.3 1 18
github.com/timescale/tsbs/cmd/tsbs_generate_data/serialize/MongoPoint.go:89.52,91.2 1 6
github.com/timescale/tsbs/cmd/tsbs_generate_data/serialize/MongoPoint.go:92.103,94.2 1 6
github.com/timescale/tsbs/cmd/tsbs_generate_data/serialize/MongoPoint.go:95.76,97.2 1 6
github.com/timescale/tsbs/cmd/tsbs_generate_data/serialize/MongoPoint.go:98.81,100.2 1 6
github.com/timescale/tsbs/cmd/tsbs_generate_data/serialize/MongoPoint.go:101.97,103.2 1 7
github.com/timescale/tsbs/cmd/tsbs_generate_data/serialize/MongoPoint.go:104.85,106.2 1 6
github.com/timescale/tsbs/cmd/tsbs_generate_data/serialize/MongoPoint.go:107.99,109.2 1 6
github.com/timescale/tsbs/cmd/tsbs_generate_data/serialize/MongoPoint.go:110.71,112.2 1 6
github.com/timescale/tsbs/cmd/tsbs_generate_data/serialize/cassandra.go:19.76,22.38 3 4
github.com/timescale/tsbs/cmd/tsbs_generate_data/serialize/cassandra.go:34.2,36.58 3 4
github.com/timescale/tsbs/cmd/tsbs_generate_data/serialize/cassandra.go:50.2,50.12 1 3
github.com/timescale/tsbs/cmd/tsbs_generate_data/serialize/cassandra.go:22.38,23.37 1 9
github.com/timescale/tsbs/cmd/tsbs_generate_data/serialize/cassandra.go:24.15,28.57 4 9
github.com/timescale/tsbs/cmd/tsbs_generate_data/serialize/cassandra.go:29.11,30.58 1 0
github.com/timescale/tsbs/cmd/tsbs_generate_data/serialize/cassandra.go:36.58,39.19 3 4
github.com/timescale/tsbs/cmd/tsbs_generate_data/serialize/cassandra.go:42.3,45.17 3 4
github.com/timescale/tsbs/cmd/tsbs_generate_data/serialize/cassandra.go:39.19,40.12 1 0
github.com/timescale/tsbs/cmd/tsbs_generate_data/serialize/cassandra.go:45.17,47.4 1 1
github.com/timescale/tsbs/cmd/tsbs_generate_data/serialize/cassandra.go:53.49,54.18 1 12
github.com/timescale/tsbs/cmd/tsbs_generate_data/serialize/cassandra.go:55.18,56.18 1 4
github.com/timescale/tsbs/cmd/tsbs_generate_data/serialize/cassandra.go:57.15,58.18 1 3
github.com/timescale/tsbs/cmd/tsbs_generate_data/serialize/cassandra.go:59.15,60.17 1 1
github.com/timescale/tsbs/cmd/tsbs_generate_data/serialize/cassandra.go:61.12,62.19 1 1
github.com/timescale/tsbs/cmd/tsbs_generate_data/serialize/cassandra.go:63.22,64.16 1 2
github.com/timescale/tsbs/cmd/tsbs_generate_data/serialize/cassandra.go:65.10,66.54 1 1
github.com/timescale/tsbs/cmd/tsbs_generate_data/serialize/cassandra.go:70.109,88.2 15 4
github.com/timescale/tsbs/cmd/tsbs_generate_data/serialize/influx.go:18.73,23.38 4 6
github.com/timescale/tsbs/cmd/tsbs_generate_data/serialize/influx.go:38.2,38.47 1 6
github.com/timescale/tsbs/cmd/tsbs_generate_data/serialize/influx.go:41.2,42.37 2 6
github.com/timescale/tsbs/cmd/tsbs_generate_data/serialize/influx.go:52.2,52.40 1 6
github.com/timescale/tsbs/cmd/tsbs_generate_data/serialize/influx.go:66.2,66.26 1 6
github.com/timescale/tsbs/cmd/tsbs_generate_data/serialize/influx.go:69.2,74.12 5 6
github.com/timescale/tsbs/cmd/tsbs_generate_data/serialize/influx.go:23.38,24.28 1 10
github.com/timescale/tsbs/cmd/tsbs_generate_data/serialize/influx.go:27.3,27.37 1 9
github.com/timescale/tsbs/cmd/tsbs_generate_data/serialize/influx.go:24.28,25.12 1 1
github.com/timescale/tsbs/cmd/tsbs_generate_data/serialize/influx.go:28.15,32.35 4 9
github.com/timescale/tsbs/cmd/tsbs_generate_data/serialize/influx.go:33.11,34.34 1 0
github.com/timescale/tsbs/cmd/tsbs_generate_data/serialize/influx.go:38.47,40.3 1 6
github.com/timescale/tsbs/cmd/tsbs_generate_data/serialize/influx.go:42.37,45.26 2 0
github.com/timescale/tsbs/cmd/tsbs_generate_data/serialize/influx.go:48.3,49.69 2 0
github.com/timescale/tsbs/cmd/tsbs_generate_data/serialize/influx.go:45.26,47.4 1 0
github.com/timescale/tsbs/cmd/tsbs_generate_data/serialize/influx.go:52.40,54.19 2 9
github.com/timescale/tsbs/cmd/tsbs_generate_data/serialize/influx.go:58.3,58.26 1 8
github.com/timescale/tsbs/cmd/tsbs_generate_data/serialize/influx.go:61.3,62.48 2 8
github.com/timescale/tsbs/cmd/tsbs_generate_data/serialize/influx.go:54.19,55.12 1 1
github.com/timescale/tsbs/cmd/tsbs_generate_data/serialize/influx.go:58.26,60.4 1 2
github.com/timescale/tsbs/cmd/tsbs_generate_data/serialize/influx.go:66.26,68.3 1 0
github.com/timescale/tsbs/cmd/tsbs_generate_data/serialize/influx.go:77.57,84.18 4 8
github.com/timescale/tsbs/cmd/tsbs_generate_data/serialize/influx.go:89.2,89.12 1 8
github.com/timescale/tsbs/cmd/tsbs_generate_data/serialize/influx.go:85.18,86.25 1 3
github.com/timescale/tsbs/cmd/tsbs_generate_data/serialize/point.go:25.24,34.2 1 10
github.com/timescale/tsbs/cmd/tsbs_generate_data/serialize/point.go:37.35,45.2 7 1
github.com/timescale/tsbs/cmd/tsbs_generate_data/serialize/point.go:48.25,55.2 6 1
github.com/timescale/tsbs/cmd/tsbs_generate_data/serialize/point.go:58.44,60.2 1 1
github.com/timescale/tsbs/cmd/tsbs_generate_data/serialize/point.go:63.46,65.2 1 1
github.com/timescale/tsbs/cmd/tsbs_generate_data/serialize/point.go:68.42,70.2 1 1
github.com/timescale/tsbs/cmd/tsbs_generate_data/serialize/point.go:73.38,75.2 1 2
github.com/timescale/tsbs/cmd/tsbs_generate_data/serialize/point.go:78.60,81.2 2 5
github.com/timescale/tsbs/cmd/tsbs_generate_data/serialize/point.go:85.55,86.44 1 4
github.com/timescale/tsbs/cmd/tsbs_generate_data/serialize/point.go:89.2,89.32 1 3
github.com/timescale/tsbs/cmd/tsbs_generate_data/serialize/point.go:94.2,94.12 1 1
github.com/timescale/tsbs/cmd/tsbs_generate_data/serialize/point.go:86.44,87.55 1 1
github.com/timescale/tsbs/cmd/tsbs_generate_data/serialize/point.go:89.32,90.26 1 3
github.com/timescale/tsbs/cmd/tsbs_generate_data/serialize/point.go:90.26,92.4 1 2
github.com/timescale/tsbs/cmd/tsbs_generate_data/serialize/point.go:99.45,100.44 1 2
github.com/timescale/tsbs/cmd/tsbs_generate_data/serialize/point.go:103.2,103.32 1 1
github.com/timescale/tsbs/cmd/tsbs_generate_data/serialize/point.go:100.44,101.55 1 1
github.com/timescale/tsbs/cmd/tsbs_generate_data/serialize/point.go:103.32,104.26 1 1
github.com/timescale/tsbs/cmd/tsbs_generate_data/serialize/point.go:104.26,107.4 2 1
github.com/timescale/tsbs/cmd/tsbs_generate_data/serialize/point.go:112.36,114.2 1 2
github.com/timescale/tsbs/cmd/tsbs_generate_data/serialize/point.go:117.58,120.2 2 4
github.com/timescale/tsbs/cmd/tsbs_generate_data/serialize/point.go:124.53,125.40 1 4
github.com/timescale/tsbs/cmd/tsbs_generate_data/serialize/point.go:128.2,128.30 1 3
github.com/timescale/tsbs/cmd/tsbs_generate_data/serialize/point.go:133.2,133.12 1 1
github.com/timescale/tsbs/cmd/tsbs_generate_data/serialize/point.go:125.40,126.51 1 1
github.com/timescale/tsbs/cmd/tsbs_generate_data/serialize/point.go:128.30,129.26 1 3
github.com/timescale/tsbs/cmd/tsbs_generate_data/serialize/point.go:129.26,131.4 1 2
github.com/timescale/tsbs/cmd/tsbs_generate_data/serialize/point.go:138.43,139.40 1 2
github.com/timescale/tsbs/cmd/tsbs_generate_data/serialize/point.go:142.2,142.30 1 1
github.com/timescale/tsbs/cmd/tsbs_generate_data/serialize/point.go:139.40,140.51 1 1
github.com/timescale/tsbs/cmd/tsbs_generate_data/serialize/point.go:142.30,143.26 1 1
github.com/timescale/tsbs/cmd/tsbs_generate_data/serialize/point.go:143.26,146.4 2 1
github.com/timescale/tsbs/cmd/tsbs_generate_data/serialize/redistimeseries.go:23.82,24.22 1 5
github.com/timescale/tsbs/cmd/tsbs_generate_data/serialize/redistimeseries.go:29.2,32.32 4 5
github.com/timescale/tsbs/cmd/tsbs_generate_data/serialize/redistimeseries.go:50.2,50.31 1 5
github.com/timescale/tsbs/cmd/tsbs_generate_data/serialize/redistimeseries.go:54.2,59.58 4 5
github.com/timescale/tsbs/cmd/tsbs_generate_data/serialize/redistimeseries.go:97.2,97.28 1 5
github.com/timescale/tsbs/cmd/tsbs_generate_data/serialize/redistimeseries.go:101.2,103.12 2 5
github.com/timescale/tsbs/cmd/tsbs_generate_data/serialize/redistimeseries.go:24.22,26.3 1 1
github.com/timescale/tsbs/cmd/tsbs_generate_data/serialize/redistimeseries.go:32.32,39.12 5 12
github.com/timescale/tsbs/cmd/tsbs_generate_data/serialize/redistimeseries.go:44.3,46.61 3 12
github.com/timescale/tsbs/cmd/tsbs_generate_data/serialize/redistimeseries.go:39.12,41.4 1 8
github.com/timescale/tsbs/cmd/tsbs_generate_data/serialize/redistimeseries.go:41.9,43.4 1 4
github.com/timescale/tsbs/cmd/tsbs_generate_data/serialize/redistimeseries.go:50.31,52.3 1 4
github.com/timescale/tsbs/cmd/tsbs_generate_data/serialize/redistimeseries.go:59.58,83.25 16 9
github.com/timescale/tsbs/cmd/tsbs_generate_data/serialize/redistimeseries.go:88.3,95.29 7 4
github.com/timescale/tsbs/cmd/tsbs_generate_data/serialize/redistimeseries.go:83.25,86.12 3 5
github.com/timescale/tsbs/cmd/tsbs_generate_data/serialize/redistimeseries.go:97.28,100.3 2 2
github.com/timescale/tsbs/cmd/tsbs_generate_data/serialize/siridb.go:31.67,35.32 4 5
github.com/timescale/tsbs/cmd/tsbs_generate_data/serialize/siridb.go:50.2,55.38 4 5
github.com/timescale/tsbs/cmd/tsbs_generate_data/serialize/siridb.go:78.2,82.12 4 5
github.com/timescale/tsbs/cmd/tsbs_generate_data/serialize/siridb.go:35.32,36.13 1 12
github.com/timescale/tsbs/cmd/tsbs_generate_data/serialize/siridb.go:39.3,39.24 1 12
github.com/timescale/tsbs/cmd/tsbs_generate_data/serialize/siridb.go:36.13,38.4 1 8
github.com/timescale/tsbs/cmd/tsbs_generate_data/serialize/siridb.go:40.15,43.37 3 12
github.com/timescale/tsbs/cmd/tsbs_generate_data/serialize/siridb.go:44.11,45.42 1 0
github.com/timescale/tsbs/cmd/tsbs_generate_data/serialize/siridb.go:55.38,69.17 10 9
github.com/timescale/tsbs/cmd/tsbs_generate_data/serialize/siridb.go:72.3,75.16 3 9
github.com/timescale/tsbs/cmd/tsbs_generate_data/serialize/siridb.go:69.17,71.4 1 0
github.com/timescale/tsbs/cmd/tsbs_generate_data/serialize/timescaledb.go:18.72,22.32 3 5
github.com/timescale/tsbs/cmd/tsbs_generate_data/serialize/timescaledb.go:28.2,30.16 3 5
github.com/timescale/tsbs/cmd/tsbs_generate_data/serialize/timescaledb.go:35.2,40.34 5 4
github.com/timescale/tsbs/cmd/tsbs_generate_data/serialize/timescaledb.go:44.2,46.12 3 4
github.com/timescale/tsbs/cmd/tsbs_generate_data/serialize/timescaledb.go:22.32,27.3 4 12
github.com/timescale/tsbs/cmd/tsbs_generate_data/serialize/timescaledb.go:30.16,32.3 1 1
github.com/timescale/tsbs/cmd/tsbs_generate_data/serialize/timescaledb.go:40.34,43.3 2 6
github.com/timescale/tsbs/cmd/tsbs_generate_data/serialize/MongoReading.go:13.83,18.2 4 0
github.com/timescale/tsbs/cmd/tsbs_generate_data/serialize/MongoReading.go:20.67,23.2 2 6
github.com/timescale/tsbs/cmd/tsbs_generate_data/serialize/MongoReading.go:25.52,27.2 1 0
github.com/timescale/tsbs/cmd/tsbs_generate_data/serialize/MongoReading.go:29.39,31.12 2 6
github.com/timescale/tsbs/cmd/tsbs_generate_data/serialize/MongoReading.go:34.2,34.12 1 0
github.com/timescale/tsbs/cmd/tsbs_generate_data/serialize/MongoReading.go:31.12,33.3 1 6
github.com/timescale/tsbs/cmd/tsbs_generate_data/serialize/MongoReading.go:37.42,39.12 2 6
github.com/timescale/tsbs/cmd/tsbs_generate_data/serialize/MongoReading.go:42.2,42.12 1 0
github.com/timescale/tsbs/cmd/tsbs_generate_data/serialize/MongoReading.go:39.12,41.3 1 6
github.com/timescale/tsbs/cmd/tsbs_generate_data/serialize/MongoReading.go:45.54,47.2 1 0
github.com/timescale/tsbs/cmd/tsbs_generate_data/serialize/MongoReading.go:49.54,51.2 1 13
github.com/timescale/tsbs/cmd/tsbs_generate_data/serialize/MongoReading.go:52.81,54.2 1 13
github.com/timescale/tsbs/cmd/tsbs_generate_data/serialize/MongoReading.go:55.72,57.2 1 12
github.com/timescale/tsbs/cmd/tsbs_generate_data/serialize/MongoReading.go:58.73,60.2 1 12
github.com/timescale/tsbs/cmd/tsbs_generate_data/iot/simulator.go:22.96,27.36 3 1
github.com/timescale/tsbs/cmd/tsbs_generate_data/iot/simulator.go:33.2,38.3 1 1
github.com/timescale/tsbs/cmd/tsbs_generate_data/iot/simulator.go:27.36,28.34 1 2
github.com/timescale/tsbs/cmd/tsbs_generate_data/iot/simulator.go:28.34,30.4 1 2
github.com/timescale/tsbs/cmd/tsbs_generate_data/iot/simulator.go:62.49,64.2 1 0
github.com/timescale/tsbs/cmd/tsbs_generate_data/iot/simulator.go:67.39,69.2 1 343
github.com/timescale/tsbs/cmd/tsbs_generate_data/iot/simulator.go:72.46,74.2 1 1
github.com/timescale/tsbs/cmd/tsbs_generate_data/iot/simulator.go:77.36,79.2 1 75
github.com/timescale/tsbs/cmd/tsbs_generate_data/iot/simulator.go:84.51,85.22 1 978
github.com/timescale/tsbs/cmd/tsbs_generate_data/iot/simulator.go:89.2,89.51 1 768
github.com/timescale/tsbs/cmd/tsbs_generate_data/iot/simulator.go:95.2,95.14 1 13
github.com/timescale/tsbs/cmd/tsbs_generate_data/iot/simulator.go:85.22,87.3 1 210
github.com/timescale/tsbs/cmd/tsbs_generate_data/iot/simulator.go:89.51,93.3 3 755
github.com/timescale/tsbs/cmd/tsbs_generate_data/iot/simulator.go:100.51,102.2 1 154
github.com/timescale/tsbs/cmd/tsbs_generate_data/iot/simulator.go:107.55,109.34 2 66
github.com/timescale/tsbs/cmd/tsbs_generate_data/iot/simulator.go:115.2,117.24 2 34
github.com/timescale/tsbs/cmd/tsbs_generate_data/iot/simulator.go:129.2,129.14 1 0
github.com/timescale/tsbs/cmd/tsbs_generate_data/iot/simulator.go:109.34,113.3 3 32
github.com/timescale/tsbs/cmd/tsbs_generate_data/iot/simulator.go:117.24,118.40 1 34
github.com/timescale/tsbs/cmd/tsbs_generate_data/iot/simulator.go:124.3,126.15 3 20
github.com/timescale/tsbs/cmd/tsbs_generate_data/iot/simulator.go:118.40,122.4 3 14
github.com/timescale/tsbs/cmd/tsbs_generate_data/iot/simulator.go:133.46,134.23 1 422
github.com/timescale/tsbs/cmd/tsbs_generate_data/iot/simulator.go:143.2,145.23 2 343
github.com/timescale/tsbs/cmd/tsbs_generate_data/iot/simulator.go:154.2,154.16 1 323
github.com/timescale/tsbs/cmd/tsbs_generate_data/iot/simulator.go:159.2,159.19 1 299
github.com/timescale/tsbs/cmd/tsbs_generate_data/iot/simulator.go:164.2,168.27 2 247
github.com/timescale/tsbs/cmd/tsbs_generate_data/iot/simulator.go:172.2,172.29 1 246
github.com/timescale/tsbs/cmd/tsbs_generate_data/iot/simulator.go:134.23,135.33 1 79
github.com/timescale/tsbs/cmd/tsbs_generate_data/iot/simulator.go:140.3,140.15 1 13
github.com/timescale/tsbs/cmd/tsbs_generate_data/iot/simulator.go:135.33,138.4 2 66
github.com/timescale/tsbs/cmd/tsbs_generate_data/iot/simulator.go:145.23,146.36 1 20
github.com/timescale/tsbs/cmd/tsbs_generate_data/iot/simulator.go:149.3,151.14 3 20
github.com/timescale/tsbs/cmd/tsbs_generate_data/iot/simulator.go:146.36,147.90 1 0
github.com/timescale/tsbs/cmd/tsbs_generate_data/iot/simulator.go:154.16,157.3 2 24
github.com/timescale/tsbs/cmd/tsbs_generate_data/iot/simulator.go:159.19,162.3 2 52
github.com/timescale/tsbs/cmd/tsbs_generate_data/iot/simulator.go:168.27,170.3 1 1
github.com/timescale/tsbs/cmd/tsbs_generate_data/iot/simulator.go:177.71,181.23 3 299
github.com/timescale/tsbs/cmd/tsbs_generate_data/iot/simulator.go:213.2,213.14 1 299
github.com/timescale/tsbs/cmd/tsbs_generate_data/iot/simulator.go:181.23,182.24 1 748
github.com/timescale/tsbs/cmd/tsbs_generate_data/iot/simulator.go:187.3,189.13 2 708
github.com/timescale/tsbs/cmd/tsbs_generate_data/iot/simulator.go:194.3,194.40 1 707
github.com/timescale/tsbs/cmd/tsbs_generate_data/iot/simulator.go:202.3,202.38 1 707
github.com/timescale/tsbs/cmd/tsbs_generate_data/iot/simulator.go:210.3,210.19 1 707
github.com/timescale/tsbs/cmd/tsbs_generate_data/iot/simulator.go:182.24,184.9 2 40
github.com/timescale/tsbs/cmd/tsbs_generate_data/iot/simulator.go:189.13,191.9 2 1
github.com/timescale/tsbs/cmd/tsbs_generate_data/iot/simulator.go:194.40,196.26 2 48
github.com/timescale/tsbs/cmd/tsbs_generate_data/iot/simulator.go:199.4,199.38 1 48
github.com/timescale/tsbs/cmd/tsbs_generate_data/iot/simulator.go:196.26,198.5 1 0
github.com/timescale/tsbs/cmd/tsbs_generate_data/iot/simulator.go:202.38,204.25 2 42
github.com/timescale/tsbs/cmd/tsbs_generate_data/iot/simulator.go:207.4,207.36 1 42
github.com/timescale/tsbs/cmd/tsbs_generate_data/iot/simulator.go:204.25,205.66 1 0
github.com/timescale/tsbs/cmd/tsbs_generate_data/iot/simulator.go:221.87,225.20 3 708
github.com/timescale/tsbs/cmd/tsbs_generate_data/iot/simulator.go:254.2,254.22 1 708
github.com/timescale/tsbs/cmd/tsbs_generate_data/iot/simulator.go:225.20,226.45 1 851
github.com/timescale/tsbs/cmd/tsbs_generate_data/iot/simulator.go:240.3,240.40 1 850
github.com/timescale/tsbs/cmd/tsbs_generate_data/iot/simulator.go:245.3,245.43 1 821
github.com/timescale/tsbs/cmd/tsbs_generate_data/iot/simulator.go:251.3,251.17 1 707
github.com/timescale/tsbs/cmd/tsbs_generate_data/iot/simulator.go:226.45,227.37 1 66
github.com/timescale/tsbs/cmd/tsbs_generate_data/iot/simulator.go:230.4,231.49 2 66
github.com/timescale/tsbs/cmd/tsbs_generate_data/iot/simulator.go:227.37,228.91 1 0
github.com/timescale/tsbs/cmd/tsbs_generate_data/iot/simulator.go:232.9,235.42 2 785
github.com/timescale/tsbs/cmd/tsbs_generate_data/iot/simulator.go:235.42,236.10 1 1
github.com/timescale/tsbs/cmd/tsbs_generate_data/iot/simulator.go:240.40,242.12 2 29
github.com/timescale/tsbs/cmd/tsbs_generate_data/iot/simulator.go:245.43,248.12 3 114
github.com/timescale/tsbs/cmd/tsbs_generate_data/iot/simulator.go:258.62,261.20 2 52
github.com/timescale/tsbs/cmd/tsbs_generate_data/iot/simulator.go:261.20,263.3 1 52
github.com/timescale/tsbs/cmd/tsbs_generate_data/iot/simulator.go:267.34,269.40 2 24
github.com/timescale/tsbs/cmd/tsbs_generate_data/iot/simulator.go:269.40,271.13 2 59
github.com/timescale/tsbs/cmd/tsbs_generate_data/iot/simulator.go:271.13,272.9 1 3
github.com/timescale/tsbs/cmd/tsbs_generate_data/iot/truck.go:69.42,70.41 1 2
github.com/timescale/tsbs/cmd/tsbs_generate_data/iot/truck.go:70.41,72.3 1 3
github.com/timescale/tsbs/cmd/tsbs_generate_data/iot/truck.go:76.61,78.2 1 3
github.com/timescale/tsbs/cmd/tsbs_generate_data/iot/truck.go:81.36,83.2 1 2
github.com/timescale/tsbs/cmd/tsbs_generate_data/iot/truck.go:85.74,90.2 1 3
github.com/timescale/tsbs/cmd/tsbs_generate_data/iot/truck.go:93.56,96.2 2 2
github.com/timescale/tsbs/cmd/tsbs_generate_data/iot/truck.go:98.126,118.2 4 3
github.com/timescale/tsbs/cmd/tsbs_generate_data/iot/batch_config.go:35.104,39.18 2 750
github.com/timescale/tsbs/cmd/tsbs_generate_data/iot/batch_config.go:45.2,48.30 3 745
github.com/timescale/tsbs/cmd/tsbs_generate_data/iot/batch_config.go:52.2,58.40 6 745
github.com/timescale/tsbs/cmd/tsbs_generate_data/iot/batch_config.go:83.2,92.3 1 745
github.com/timescale/tsbs/cmd/tsbs_generate_data/iot/batch_config.go:39.18,43.3 1 5
github.com/timescale/tsbs/cmd/tsbs_generate_data/iot/batch_config.go:48.30,50.3 1 740
github.com/timescale/tsbs/cmd/tsbs_generate_data/iot/batch_config.go:58.40,59.73 1 7450
github.com/timescale/tsbs/cmd/tsbs_generate_data/iot/batch_config.go:64.3,64.38 1 7450
github.com/timescale/tsbs/cmd/tsbs_generate_data/iot/batch_config.go:70.3,70.57 1 6730
github.com/timescale/tsbs/cmd/tsbs_generate_data/iot/batch_config.go:74.3,74.53 1 6730
github.com/timescale/tsbs/cmd/tsbs_generate_data/iot/batch_config.go:78.3,78.41 1 6730
github.com/timescale/tsbs/cmd/tsbs_generate_data/iot/batch_config.go:59.73,62.4 2 3720
github.com/timescale/tsbs/cmd/tsbs_generate_data/iot/batch_config.go:64.38,67.12 2 720
github.com/timescale/tsbs/cmd/tsbs_generate_data/iot/batch_config.go:70.57,72.4 1 670
github.com/timescale/tsbs/cmd/tsbs_generate_data/iot/batch_config.go:74.53,76.4 1 35
github.com/timescale/tsbs/cmd/tsbs_generate_data/iot/batch_config.go:78.41,80.4 1 2070
github.com/timescale/tsbs/cmd/tsbs_generate_data/iot/diagnostics.go:29.50,34.5 1 4
github.com/timescale/tsbs/cmd/tsbs_generate_data/iot/diagnostics.go:38.50,43.5 1 4
github.com/timescale/tsbs/cmd/tsbs_generate_data/iot/diagnostics.go:47.50,52.5 1 4
github.com/timescale/tsbs/cmd/tsbs_generate_data/iot/diagnostics.go:63.44,65.22 2 451
github.com/timescale/tsbs/cmd/tsbs_generate_data/iot/diagnostics.go:65.22,67.3 1 5
github.com/timescale/tsbs/cmd/tsbs_generate_data/iot/diagnostics.go:76.62,84.2 6 2
github.com/timescale/tsbs/cmd/tsbs_generate_data/iot/diagnostics.go:87.73,93.2 2 4
github.com/timescale/tsbs/cmd/tsbs_generate_data/iot/readings.go:38.50,43.5 1 4
github.com/timescale/tsbs/cmd/tsbs_generate_data/iot/readings.go:47.50,52.5 1 4
github.com/timescale/tsbs/cmd/tsbs_generate_data/iot/readings.go:56.50,61.5 1 4
github.com/timescale/tsbs/cmd/tsbs_generate_data/iot/readings.go:65.50,70.5 1 4
github.com/timescale/tsbs/cmd/tsbs_generate_data/iot/readings.go:74.50,79.5 1 4
github.com/timescale/tsbs/cmd/tsbs_generate_data/iot/readings.go:83.50,88.5 1 4
github.com/timescale/tsbs/cmd/tsbs_generate_data/iot/readings.go:92.50,97.5 1 4
github.com/timescale/tsbs/cmd/tsbs_generate_data/iot/readings.go:108.59,113.36 4 2
github.com/timescale/tsbs/cmd/tsbs_generate_data/iot/readings.go:113.36,115.3 1 14
github.com/timescale/tsbs/cmd/tsbs_generate_data/iot/readings.go:119.67,125.2 2 4
github.com/timescale/tsbs/cmd/tsbs_generate_queries/databases/influx/common.go:19.58,21.2 1 30
github.com/timescale/tsbs/cmd/tsbs_generate_queries/databases/influx/common.go:24.93,33.2 8 25
github.com/timescale/tsbs/cmd/tsbs_generate_queries/databases/influx/common.go:36.98,39.16 2 23
github.com/timescale/tsbs/cmd/tsbs_generate_queries/databases/influx/common.go:43.2,48.20 2 23
github.com/timescale/tsbs/cmd/tsbs_generate_queries/databases/influx/common.go:39.16,41.3 1 0
github.com/timescale/tsbs/cmd/tsbs_generate_queries/databases/influx/common.go:52.95,55.16 2 15
github.com/timescale/tsbs/cmd/tsbs_generate_queries/databases/influx/common.go:59.2,64.20 2 15
github.com/timescale/tsbs/cmd/tsbs_generate_queries/databases/influx/common.go:55.16,57.3 1 0
github.com/timescale/tsbs/cmd/tsbs_generate_queries/databases/influx/devops.go:19.71,21.30 2 11
github.com/timescale/tsbs/cmd/tsbs_generate_queries/databases/influx/devops.go:25.2,26.43 2 11
github.com/timescale/tsbs/cmd/tsbs_generate_queries/databases/influx/devops.go:21.30,23.3 1 25
github.com/timescale/tsbs/cmd/tsbs_generate_queries/databases/influx/devops.go:29.56,33.2 3 10
github.com/timescale/tsbs/cmd/tsbs_generate_queries/databases/influx/devops.go:35.84,37.28 2 8
github.com/timescale/tsbs/cmd/tsbs_generate_queries/databases/influx/devops.go:41.2,41.22 1 8
github.com/timescale/tsbs/cmd/tsbs_generate_queries/databases/influx/devops.go:37.28,39.3 1 32
github.com/timescale/tsbs/cmd/tsbs_generate_queries/databases/influx/devops.go:53.95,64.2 9 1
github.com/timescale/tsbs/cmd/tsbs_generate_queries/databases/influx/devops.go:71.54,79.2 6 1
github.com/timescale/tsbs/cmd/tsbs_generate_queries/databases/influx/devops.go:88.75,98.2 8 3
github.com/timescale/tsbs/cmd/tsbs_generate_queries/databases/influx/devops.go:107.56,116.2 7 3
github.com/timescale/tsbs/cmd/tsbs_generate_queries/databases/influx/devops.go:119.51,124.2 4 1
github.com/timescale/tsbs/cmd/tsbs_generate_queries/databases/influx/devops.go:134.62,138.17 3 4
github.com/timescale/tsbs/cmd/tsbs_generate_queries/databases/influx/devops.go:144.2,148.52 5 3
github.com/timescale/tsbs/cmd/tsbs_generate_queries/databases/influx/devops.go:138.17,140.3 1 1
github.com/timescale/tsbs/cmd/tsbs_generate_queries/databases/influx/devops.go:140.8,142.3 1 3
github.com/timescale/tsbs/cmd/tsbs_generate_queries/databases/influx/iot.go:20.69,27.2 3 1
github.com/timescale/tsbs/cmd/tsbs_generate_queries/databases/influx/iot.go:29.62,31.26 2 2
github.com/timescale/tsbs/cmd/tsbs_generate_queries/databases/influx/iot.go:35.2,36.43 2 2
github.com/timescale/tsbs/cmd/tsbs_generate_queries/databases/influx/iot.go:31.26,33.3 1 4
github.com/timescale/tsbs/cmd/tsbs_generate_queries/databases/influx/iot.go:39.55,41.16 2 4
github.com/timescale/tsbs/cmd/tsbs_generate_queries/databases/influx/iot.go:44.2,44.41 1 2
github.com/timescale/tsbs/cmd/tsbs_generate_queries/databases/influx/iot.go:41.16,42.21 1 2
github.com/timescale/tsbs/cmd/tsbs_generate_queries/databases/influx/iot.go:48.59,60.2 4 4
github.com/timescale/tsbs/cmd/tsbs_generate_queries/databases/influx/iot.go:63.47,77.2 4 1
github.com/timescale/tsbs/cmd/tsbs_generate_queries/databases/influx/iot.go:80.49,93.2 4 1
github.com/timescale/tsbs/cmd/tsbs_generate_queries/databases/influx/iot.go:96.50,112.2 4 1
github.com/timescale/tsbs/cmd/tsbs_generate_queries/databases/influx/iot.go:115.48,133.2 5 1
github.com/timescale/tsbs/cmd/tsbs_generate_queries/databases/influx/iot.go:136.61,157.2 5 1
github.com/timescale/tsbs/cmd/tsbs_generate_queries/databases/influx/iot.go:160.59,181.2 5 1
github.com/timescale/tsbs/cmd/tsbs_generate_queries/databases/influx/iot.go:184.61,194.2 4 1
github.com/timescale/tsbs/cmd/tsbs_generate_queries/databases/influx/iot.go:197.55,217.2 6 1
github.com/timescale/tsbs/cmd/tsbs_generate_queries/databases/influx/iot.go:220.54,252.2 6 1
github.com/timescale/tsbs/cmd/tsbs_generate_queries/databases/influx/iot.go:255.39,266.2 4 1
github.com/timescale/tsbs/cmd/tsbs_generate_queries/databases/influx/iot.go:269.50,289.2 6 1
github.com/timescale/tsbs/cmd/tsbs_generate_queries/databases/influx/iot.go:292.55,316.2 6 1
github.com/timescale/tsbs/cmd/tsbs_generate_queries/databases/influx/iot.go:321.75,325.2 3 8
github.com/timescale/tsbs/cmd/tsbs_generate_queries/uses/common/common.go:27.62,29.16 2 2
github.com/timescale/tsbs/cmd/tsbs_generate_queries/uses/common/common.go:33.2,33.47 1 1
github.com/timescale/tsbs/cmd/tsbs_generate_queries/uses/common/common.go:29.16,31.3 1 1
github.com/timescale/tsbs/cmd/tsbs_generate_queries/uses/common/common.go:37.55,38.82 1 0
github.com/timescale/tsbs/cmd/tsbs_generate_queries/uses/common/common.go:46.71,47.27 1 6
github.com/timescale/tsbs/cmd/tsbs_generate_queries/uses/common/common.go:52.2,54.32 3 5
github.com/timescale/tsbs/cmd/tsbs_generate_queries/uses/common/common.go:65.2,65.17 1 5
github.com/timescale/tsbs/cmd/tsbs_generate_queries/uses/common/common.go:47.27,50.3 1 1
github.com/timescale/tsbs/cmd/tsbs_generate_queries/uses/common/common.go:54.32,55.7 1 1016
github.com/timescale/tsbs/cmd/tsbs_generate_queries/uses/common/common.go:55.7,58.16 2 8254
github.com/timescale/tsbs/cmd/tsbs_generate_queries/uses/common/common.go:58.16,61.10 3 1016
github.com/timescale/tsbs/cmd/tsbs_generate_queries/databases/cratedb/common.go:16.58,18.2 1 0
github.com/timescale/tsbs/cmd/tsbs_generate_queries/databases/cratedb/common.go:21.88,27.2 5 6
github.com/timescale/tsbs/cmd/tsbs_generate_queries/databases/cratedb/common.go:30.98,33.16 2 7
github.com/timescale/tsbs/cmd/tsbs_generate_queries/databases/cratedb/common.go:37.2,42.20 2 7
github.com/timescale/tsbs/cmd/tsbs_generate_queries/databases/cratedb/common.go:33.16,35.3 1 0
github.com/timescale/tsbs/cmd/tsbs_generate_queries/databases/cratedb/devops.go:13.28,14.16 1 6
github.com/timescale/tsbs/cmd/tsbs_generate_queries/databases/cratedb/devops.go:14.16,15.21 1 0
github.com/timescale/tsbs/cmd/tsbs_generate_queries/databases/cratedb/devops.go:32.80,34.31 2 7
github.com/timescale/tsbs/cmd/tsbs_generate_queries/databases/cratedb/devops.go:38.2,38.25 1 7
github.com/timescale/tsbs/cmd/tsbs_generate_queries/databases/cratedb/devops.go:34.31,37.3 1 29
github.com/timescale/tsbs/cmd/tsbs_generate_queries/databases/cratedb/devops.go:47.56,72.2 8 1
github.com/timescale/tsbs/cmd/tsbs_generate_queries/databases/cratedb/devops.go:81.75,104.2 8 1
github.com/timescale/tsbs/cmd/tsbs_generate_queries/databases/cratedb/devops.go:111.54,127.2 5 1
github.com/timescale/tsbs/cmd/tsbs_generate_queries/databases/cratedb/devops.go:130.51,145.2 4 1
github.com/timescale/tsbs/cmd/tsbs_generate_queries/databases/cratedb/devops.go:154.62,175.2 8 1
github.com/timescale/tsbs/cmd/tsbs_generate_queries/databases/cratedb/devops.go:187.95,216.2 10 1
github.com/timescale/tsbs/cmd/tsbs_generate_queries/databases/cassandra/common.go:18.58,20.2 1 1
github.com/timescale/tsbs/cmd/tsbs_generate_queries/databases/cassandra/common.go:23.167,36.2 9 1
github.com/timescale/tsbs/cmd/tsbs_generate_queries/databases/cassandra/common.go:39.98,42.16 2 3
github.com/timescale/tsbs/cmd/tsbs_generate_queries/databases/cassandra/common.go:46.2,51.20 2 3
github.com/timescale/tsbs/cmd/tsbs_generate_queries/databases/cassandra/common.go:42.16,44.3 1 0
github.com/timescale/tsbs/cmd/tsbs_generate_queries/databases/cassandra/devops.go:13.28,14.16 1 0
github.com/timescale/tsbs/cmd/tsbs_generate_queries/databases/cassandra/devops.go:14.16,15.21 1 0
github.com/timescale/tsbs/cmd/tsbs_generate_queries/databases/cassandra/devops.go:25.73,27.37 2 2
github.com/timescale/tsbs/cmd/tsbs_generate_queries/databases/cassandra/devops.go:32.2,32.15 1 2
github.com/timescale/tsbs/cmd/tsbs_generate_queries/databases/cassandra/devops.go:27.37,30.3 2 3
github.com/timescale/tsbs/cmd/tsbs_generate_queries/databases/cassandra/devops.go:35.52,39.2 3 0
github.com/timescale/tsbs/cmd/tsbs_generate_queries/databases/cassandra/devops.go:50.95,64.2 11 0
github.com/timescale/tsbs/cmd/tsbs_generate_queries/databases/cassandra/devops.go:71.54,75.16 3 0
github.com/timescale/tsbs/cmd/tsbs_generate_queries/databases/cassandra/devops.go:79.2,85.13 7 0
github.com/timescale/tsbs/cmd/tsbs_generate_queries/databases/cassandra/devops.go:75.16,76.21 1 0
github.com/timescale/tsbs/cmd/tsbs_generate_queries/databases/cassandra/devops.go:95.75,105.2 8 0
github.com/timescale/tsbs/cmd/tsbs_generate_queries/databases/cassandra/devops.go:114.56,128.2 10 0
github.com/timescale/tsbs/cmd/tsbs_generate_queries/databases/cassandra/devops.go:131.51,137.2 5 0
github.com/timescale/tsbs/cmd/tsbs_generate_queries/databases/cassandra/devops.go:147.62,153.21 4 0
github.com/timescale/tsbs/cmd/tsbs_generate_queries/databases/cassandra/devops.go:157.2,163.45 7 0
github.com/timescale/tsbs/cmd/tsbs_generate_queries/databases/cassandra/devops.go:153.21,155.3 1 0
github.com/timescale/tsbs/cmd/tsbs_generate_queries/databases/clickhouse/common.go:17.58,19.2 1 20
github.com/timescale/tsbs/cmd/tsbs_generate_queries/databases/clickhouse/common.go:22.95,28.2 5 12
github.com/timescale/tsbs/cmd/tsbs_generate_queries/databases/clickhouse/common.go:31.98,34.16 2 27
github.com/timescale/tsbs/cmd/tsbs_generate_queries/databases/clickhouse/common.go:38.2,43.20 2 27
github.com/timescale/tsbs/cmd/tsbs_generate_queries/databases/clickhouse/common.go:34.16,36.3 1 0
github.com/timescale/tsbs/cmd/tsbs_generate_queries/databases/clickhouse/devops.go:13.28,14.16 1 20
github.com/timescale/tsbs/cmd/tsbs_generate_queries/databases/clickhouse/devops.go:14.16,15.21 1 8
github.com/timescale/tsbs/cmd/tsbs_generate_queries/databases/clickhouse/devops.go:27.71,30.15 2 9
github.com/timescale/tsbs/cmd/tsbs_generate_queries/databases/clickhouse/devops.go:46.2,46.30 1 7
github.com/timescale/tsbs/cmd/tsbs_generate_queries/databases/clickhouse/devops.go:50.2,50.67 1 7
github.com/timescale/tsbs/cmd/tsbs_generate_queries/databases/clickhouse/devops.go:30.15,34.31 1 2
github.com/timescale/tsbs/cmd/tsbs_generate_queries/databases/clickhouse/devops.go:37.3,37.125 1 2
github.com/timescale/tsbs/cmd/tsbs_generate_queries/databases/clickhouse/devops.go:34.31,36.4 1 3
github.com/timescale/tsbs/cmd/tsbs_generate_queries/databases/clickhouse/devops.go:46.30,48.3 1 16
github.com/timescale/tsbs/cmd/tsbs_generate_queries/databases/clickhouse/devops.go:54.56,58.2 3 10
github.com/timescale/tsbs/cmd/tsbs_generate_queries/databases/clickhouse/devops.go:62.98,64.33 2 9
github.com/timescale/tsbs/cmd/tsbs_generate_queries/databases/clickhouse/devops.go:67.2,67.31 1 9
github.com/timescale/tsbs/cmd/tsbs_generate_queries/databases/clickhouse/devops.go:64.33,66.3 1 56
github.com/timescale/tsbs/cmd/tsbs_generate_queries/databases/clickhouse/devops.go:88.56,110.2 7 5
github.com/timescale/tsbs/cmd/tsbs_generate_queries/databases/clickhouse/devops.go:125.75,132.28 6 6
github.com/timescale/tsbs/cmd/tsbs_generate_queries/databases/clickhouse/devops.go:137.2,139.15 3 3
github.com/timescale/tsbs/cmd/tsbs_generate_queries/databases/clickhouse/devops.go:143.2,175.65 4 3
github.com/timescale/tsbs/cmd/tsbs_generate_queries/databases/clickhouse/devops.go:132.28,135.3 2 11
github.com/timescale/tsbs/cmd/tsbs_generate_queries/databases/clickhouse/devops.go:139.15,141.3 1 1
github.com/timescale/tsbs/cmd/tsbs_generate_queries/databases/clickhouse/devops.go:188.54,206.2 5 1
github.com/timescale/tsbs/cmd/tsbs_generate_queries/databases/clickhouse/devops.go:220.62,222.17 2 5
github.com/timescale/tsbs/cmd/tsbs_generate_queries/databases/clickhouse/devops.go:227.2,241.65 6 3
github.com/timescale/tsbs/cmd/tsbs_generate_queries/databases/clickhouse/devops.go:222.17,224.3 1 1
github.com/timescale/tsbs/cmd/tsbs_generate_queries/databases/clickhouse/devops.go:224.8,226.3 1 4
github.com/timescale/tsbs/cmd/tsbs_generate_queries/databases/clickhouse/devops.go:248.51,250.15 2 2
github.com/timescale/tsbs/cmd/tsbs_generate_queries/databases/clickhouse/devops.go:281.2,283.65 3 2
github.com/timescale/tsbs/cmd/tsbs_generate_queries/databases/clickhouse/devops.go:250.15,271.3 1 1
github.com/timescale/tsbs/cmd/tsbs_generate_queries/databases/clickhouse/devops.go:271.8,279.3 1 1
github.com/timescale/tsbs/cmd/tsbs_generate_queries/databases/clickhouse/devops.go:306.95,329.2 8 1
github.com/timescale/tsbs/cmd/tsbs_generate_queries/uses/devops/max_all_cpu.go:16.53,17.59 1 0
github.com/timescale/tsbs/cmd/tsbs_generate_queries/uses/devops/max_all_cpu.go:17.59,22.3 1 0
github.com/timescale/tsbs/cmd/tsbs_generate_queries/uses/devops/max_all_cpu.go:26.53,28.9 2 0
github.com/timescale/tsbs/cmd/tsbs_generate_queries/uses/devops/max_all_cpu.go:31.2,32.10 2 0
github.com/timescale/tsbs/cmd/tsbs_generate_queries/uses/devops/max_all_cpu.go:28.9,30.3 1 0
github.com/timescale/tsbs/cmd/tsbs_generate_queries/uses/devops/single_groupby.go:20.73,21.59 1 0
github.com/timescale/tsbs/cmd/tsbs_generate_queries/uses/devops/single_groupby.go:21.59,28.3 1 0
github.com/timescale/tsbs/cmd/tsbs_generate_queries/uses/devops/single_groupby.go:32.57,34.9 2 0
github.com/timescale/tsbs/cmd/tsbs_generate_queries/uses/devops/single_groupby.go:37.2,38.10 2 0
github.com/timescale/tsbs/cmd/tsbs_generate_queries/uses/devops/single_groupby.go:34.9,36.3 1 0
github.com/timescale/tsbs/cmd/tsbs_generate_queries/uses/devops/common.go:47.62,51.2 2 3
github.com/timescale/tsbs/cmd/tsbs_generate_queries/uses/devops/common.go:54.61,56.2 1 1
github.com/timescale/tsbs/cmd/tsbs_generate_queries/uses/devops/common.go:73.59,74.21 1 5
github.com/timescale/tsbs/cmd/tsbs_generate_queries/uses/devops/common.go:77.2,77.34 1 3
github.com/timescale/tsbs/cmd/tsbs_generate_queries/uses/devops/common.go:80.2,80.37 1 2
github.com/timescale/tsbs/cmd/tsbs_generate_queries/uses/devops/common.go:74.21,76.3 1 2
github.com/timescale/tsbs/cmd/tsbs_generate_queries/uses/devops/common.go:77.34,79.3 1 1
github.com/timescale/tsbs/cmd/tsbs_generate_queries/uses/devops/common.go:84.34,86.2 1 1
github.com/timescale/tsbs/cmd/tsbs_generate_queries/uses/devops/common.go:89.29,91.2 1 1
github.com/timescale/tsbs/cmd/tsbs_generate_queries/uses/devops/common.go:124.66,126.2 1 1
github.com/timescale/tsbs/cmd/tsbs_generate_queries/uses/devops/common.go:129.65,131.16 2 3
github.com/timescale/tsbs/cmd/tsbs_generate_queries/uses/devops/common.go:138.2,138.19 1 2
github.com/timescale/tsbs/cmd/tsbs_generate_queries/uses/devops/common.go:131.16,133.3 1 1
github.com/timescale/tsbs/cmd/tsbs_generate_queries/uses/devops/common.go:133.8,133.24 1 2
github.com/timescale/tsbs/cmd/tsbs_generate_queries/uses/devops/common.go:133.24,135.3 1 1
github.com/timescale/tsbs/cmd/tsbs_generate_queries/uses/devops/common.go:135.8,137.3 1 1
github.com/timescale/tsbs/cmd/tsbs_generate_queries/uses/devops/common.go:142.55,144.2 1 1
github.com/timescale/tsbs/cmd/tsbs_generate_queries/uses/devops/common.go:147.56,149.2 1 0
github.com/timescale/tsbs/cmd/tsbs_generate_queries/uses/devops/common.go:154.69,155.18 1 7
github.com/timescale/tsbs/cmd/tsbs_generate_queries/uses/devops/common.go:158.2,158.27 1 5
github.com/timescale/tsbs/cmd/tsbs_generate_queries/uses/devops/common.go:162.2,163.16 2 4
github.com/timescale/tsbs/cmd/tsbs_generate_queries/uses/devops/common.go:167.2,168.34 2 4
github.com/timescale/tsbs/cmd/tsbs_generate_queries/uses/devops/common.go:172.2,172.23 1 4
github.com/timescale/tsbs/cmd/tsbs_generate_queries/uses/devops/common.go:155.18,157.3 1 2
github.com/timescale/tsbs/cmd/tsbs_generate_queries/uses/devops/common.go:158.27,160.3 1 1
github.com/timescale/tsbs/cmd/tsbs_generate_queries/uses/devops/common.go:163.16,165.3 1 0
github.com/timescale/tsbs/cmd/tsbs_generate_queries/uses/devops/common.go:168.34,170.3 1 16
github.com/timescale/tsbs/cmd/tsbs_generate_queries/uses/devops/groupby.go:16.56,17.59 1 0
github.com/timescale/tsbs/cmd/tsbs_generate_queries/uses/devops/groupby.go:17.59,22.3 1 0
github.com/timescale/tsbs/cmd/tsbs_generate_queries/uses/devops/groupby.go:26.51,28.9 2 0
github.com/timescale/tsbs/cmd/tsbs_generate_queries/uses/devops/groupby.go:31.2,32.10 2 0
github.com/timescale/tsbs/cmd/tsbs_generate_queries/uses/devops/groupby.go:28.9,30.3 1 0
github.com/timescale/tsbs/cmd/tsbs_generate_queries/uses/devops/groupby_orderby_limit.go:15.74,17.2 1 0
github.com/timescale/tsbs/cmd/tsbs_generate_queries/uses/devops/groupby_orderby_limit.go:20.63,22.9 2 0
github.com/timescale/tsbs/cmd/tsbs_generate_queries/uses/devops/groupby_orderby_limit.go:25.2,26.10 2 0
github.com/timescale/tsbs/cmd/tsbs_generate_queries/uses/devops/groupby_orderby_limit.go:22.9,24.3 1 0
github.com/timescale/tsbs/cmd/tsbs_generate_queries/uses/devops/high_cpu.go:16.51,17.59 1 0
github.com/timescale/tsbs/cmd/tsbs_generate_queries/uses/devops/high_cpu.go:17.59,22.3 1 0
github.com/timescale/tsbs/cmd/tsbs_generate_queries/uses/devops/high_cpu.go:26.51,28.9 2 0
github.com/timescale/tsbs/cmd/tsbs_generate_queries/uses/devops/high_cpu.go:31.2,32.10 2 0
github.com/timescale/tsbs/cmd/tsbs_generate_queries/uses/devops/high_cpu.go:28.9,30.3 1 0
github.com/timescale/tsbs/cmd/tsbs_generate_queries/uses/devops/lastpoint.go:15.71,17.2 1 0
github.com/timescale/tsbs/cmd/tsbs_generate_queries/uses/devops/lastpoint.go:20.60,22.9 2 0
github.com/timescale/tsbs/cmd/tsbs_generate_queries/uses/devops/lastpoint.go:25.2,26.10 2 0
github.com/timescale/tsbs/cmd/tsbs_generate_queries/uses/devops/lastpoint.go:22.9,24.3 1 0
github.com/timescale/tsbs/cmd/tsbs_generate_queries/databases/siridb/common.go:16.58,18.2 1 20
github.com/timescale/tsbs/cmd/tsbs_generate_queries/databases/siridb/common.go:21.88,26.2 4 12
github.com/timescale/tsbs/cmd/tsbs_generate_queries/databases/siridb/common.go:29.98,32.16 2 25
github.com/timescale/tsbs/cmd/tsbs_generate_queries/databases/siridb/common.go:36.2,41.20 2 25
github.com/timescale/tsbs/cmd/tsbs_generate_queries/databases/siridb/common.go:32.16,34.3 1 0
github.com/timescale/tsbs/cmd/tsbs_generate_queries/databases/siridb/devops.go:13.28,14.16 1 21
github.com/timescale/tsbs/cmd/tsbs_generate_queries/databases/siridb/devops.go:14.16,15.21 1 8
github.com/timescale/tsbs/cmd/tsbs_generate_queries/databases/siridb/devops.go:25.71,27.30 2 9
github.com/timescale/tsbs/cmd/tsbs_generate_queries/databases/siridb/devops.go:30.2,31.43 2 9
github.com/timescale/tsbs/cmd/tsbs_generate_queries/databases/siridb/devops.go:27.30,29.3 1 20
github.com/timescale/tsbs/cmd/tsbs_generate_queries/databases/siridb/devops.go:34.56,38.2 3 11
github.com/timescale/tsbs/cmd/tsbs_generate_queries/databases/siridb/devops.go:40.64,42.28 2 6
github.com/timescale/tsbs/cmd/tsbs_generate_queries/databases/siridb/devops.go:45.2,46.42 2 6
github.com/timescale/tsbs/cmd/tsbs_generate_queries/databases/siridb/devops.go:42.28,44.3 1 12
github.com/timescale/tsbs/cmd/tsbs_generate_queries/databases/siridb/devops.go:64.95,75.21 9 2
github.com/timescale/tsbs/cmd/tsbs_generate_queries/databases/siridb/devops.go:80.2,80.50 1 2
github.com/timescale/tsbs/cmd/tsbs_generate_queries/databases/siridb/devops.go:75.21,77.3 1 1
github.com/timescale/tsbs/cmd/tsbs_generate_queries/databases/siridb/devops.go:77.8,79.3 1 1
github.com/timescale/tsbs/cmd/tsbs_generate_queries/databases/siridb/devops.go:86.54,97.2 8 1
github.com/timescale/tsbs/cmd/tsbs_generate_queries/databases/siridb/devops.go:103.75,113.2 8 5
github.com/timescale/tsbs/cmd/tsbs_generate_queries/databases/siridb/devops.go:123.56,133.2 7 5
github.com/timescale/tsbs/cmd/tsbs_generate_queries/databases/siridb/devops.go:138.51,143.2 4 1
github.com/timescale/tsbs/cmd/tsbs_generate_queries/databases/siridb/devops.go:156.62,158.17 2 5
github.com/timescale/tsbs/cmd/tsbs_generate_queries/databases/siridb/devops.go:163.2,169.50 6 3
github.com/timescale/tsbs/cmd/tsbs_generate_queries/databases/siridb/devops.go:158.17,160.3 1 1
github.com/timescale/tsbs/cmd/tsbs_generate_queries/databases/siridb/devops.go:160.8,162.3 1 4
github.com/timescale/tsbs/cmd/tsbs_generate_queries/databases/timescaledb/common.go:22.58,24.2 1 43
github.com/timescale/tsbs/cmd/tsbs_generate_queries/databases/timescaledb/common.go:27.95,33.2 5 41
github.com/timescale/tsbs/cmd/tsbs_generate_queries/databases/timescaledb/common.go:36.98,39.16 2 27
github.com/timescale/tsbs/cmd/tsbs_generate_queries/databases/timescaledb/common.go:43.2,48.20 2 27
github.com/timescale/tsbs/cmd/tsbs_generate_queries/databases/timescaledb/common.go:39.16,41.3 1 0
github.com/timescale/tsbs/cmd/tsbs_generate_queries/databases/timescaledb/common.go:52.95,55.16 2 27
github.com/timescale/tsbs/cmd/tsbs_generate_queries/databases/timescaledb/common.go:59.2,64.17 2 27
github.com/timescale/tsbs/cmd/tsbs_generate_queries/databases/timescaledb/common.go:55.16,57.3 1 0
github.com/timescale/tsbs/cmd/tsbs_generate_queries/databases/timescaledb/devops.go:17.28,18.16 1 22
github.com/timescale/tsbs/cmd/tsbs_generate_queries/databases/timescaledb/devops.go:18.16,19.21 1 2
github.com/timescale/tsbs/cmd/tsbs_generate_queries/databases/timescaledb/devops.go:39.71,41.15 2 13
github.com/timescale/tsbs/cmd/tsbs_generate_queries/databases/timescaledb/devops.go:41.15,42.31 1 2
github.com/timescale/tsbs/cmd/tsbs_generate_queries/databases/timescaledb/devops.go:45.3,45.105 1 2
github.com/timescale/tsbs/cmd/tsbs_generate_queries/databases/timescaledb/devops.go:42.31,44.4 1 3
github.com/timescale/tsbs/cmd/tsbs_generate_queries/databases/timescaledb/devops.go:46.8,46.22 1 11
github.com/timescale/tsbs/cmd/tsbs_generate_queries/databases/timescaledb/devops.go:46.22,47.31 1 2
github.com/timescale/tsbs/cmd/tsbs_generate_queries/databases/timescaledb/devops.go:50.3,50.116 1 2
github.com/timescale/tsbs/cmd/tsbs_generate_queries/databases/timescaledb/devops.go:47.31,49.4 1 3
github.com/timescale/tsbs/cmd/tsbs_generate_queries/databases/timescaledb/devops.go:51.8,52.31 1 9
github.com/timescale/tsbs/cmd/tsbs_generate_queries/databases/timescaledb/devops.go:55.3,57.44 2 9
github.com/timescale/tsbs/cmd/tsbs_generate_queries/databases/timescaledb/devops.go:52.31,54.4 1 19
github.com/timescale/tsbs/cmd/tsbs_generate_queries/databases/timescaledb/devops.go:62.56,66.2 3 7
github.com/timescale/tsbs/cmd/tsbs_generate_queries/databases/timescaledb/devops.go:68.52,69.21 1 9
github.com/timescale/tsbs/cmd/tsbs_generate_queries/databases/timescaledb/devops.go:72.2,72.56 1 1
github.com/timescale/tsbs/cmd/tsbs_generate_queries/databases/timescaledb/devops.go:69.21,71.3 1 8
github.com/timescale/tsbs/cmd/tsbs_generate_queries/databases/timescaledb/devops.go:75.84,77.28 2 5
github.com/timescale/tsbs/cmd/tsbs_generate_queries/databases/timescaledb/devops.go:81.2,81.22 1 5
github.com/timescale/tsbs/cmd/tsbs_generate_queries/databases/timescaledb/devops.go:77.28,79.3 1 16
github.com/timescale/tsbs/cmd/tsbs_generate_queries/databases/timescaledb/devops.go:93.95,98.28 5 1
github.com/timescale/tsbs/cmd/tsbs_generate_queries/databases/timescaledb/devops.go:102.2,115.65 4 1
github.com/timescale/tsbs/cmd/tsbs_generate_queries/databases/timescaledb/devops.go:98.28,99.85 1 0
github.com/timescale/tsbs/cmd/tsbs_generate_queries/databases/timescaledb/devops.go:123.54,137.2 5 1
github.com/timescale/tsbs/cmd/tsbs_generate_queries/databases/timescaledb/devops.go:146.75,153.28 6 4
github.com/timescale/tsbs/cmd/tsbs_generate_queries/databases/timescaledb/devops.go:158.2,160.28 3 4
github.com/timescale/tsbs/cmd/tsbs_generate_queries/databases/timescaledb/devops.go:169.2,189.65 4 4
github.com/timescale/tsbs/cmd/tsbs_generate_queries/databases/timescaledb/devops.go:153.28,156.3 2 4
github.com/timescale/tsbs/cmd/tsbs_generate_queries/databases/timescaledb/devops.go:160.28,161.16 1 3
github.com/timescale/tsbs/cmd/tsbs_generate_queries/databases/timescaledb/devops.go:166.3,166.53 1 3
github.com/timescale/tsbs/cmd/tsbs_generate_queries/databases/timescaledb/devops.go:161.16,163.4 1 2
github.com/timescale/tsbs/cmd/tsbs_generate_queries/databases/timescaledb/devops.go:163.9,163.23 1 1
github.com/timescale/tsbs/cmd/tsbs_generate_queries/databases/timescaledb/devops.go:163.23,165.4 1 1
github.com/timescale/tsbs/cmd/tsbs_generate_queries/databases/timescaledb/devops.go:199.56,219.2 7 1
github.com/timescale/tsbs/cmd/tsbs_generate_queries/databases/timescaledb/devops.go:222.51,224.15 2 4
github.com/timescale/tsbs/cmd/tsbs_generate_queries/databases/timescaledb/devops.go:232.2,234.65 3 4
github.com/timescale/tsbs/cmd/tsbs_generate_queries/databases/timescaledb/devops.go:224.15,226.3 1 2
github.com/timescale/tsbs/cmd/tsbs_generate_queries/databases/timescaledb/devops.go:226.8,226.22 1 2
github.com/timescale/tsbs/cmd/tsbs_generate_queries/databases/timescaledb/devops.go:226.22,228.3 1 1
github.com/timescale/tsbs/cmd/tsbs_generate_queries/databases/timescaledb/devops.go:228.8,230.3 1 1
github.com/timescale/tsbs/cmd/tsbs_generate_queries/databases/timescaledb/devops.go:245.62,247.17 2 3
github.com/timescale/tsbs/cmd/tsbs_generate_queries/databases/timescaledb/devops.go:252.2,260.65 6 3
github.com/timescale/tsbs/cmd/tsbs_generate_queries/databases/timescaledb/devops.go:247.17,249.3 1 1
github.com/timescale/tsbs/cmd/tsbs_generate_queries/databases/timescaledb/devops.go:249.8,251.3 1 2
github.com/timescale/tsbs/cmd/tsbs_generate_queries/databases/timescaledb/iot.go:23.69,30.2 3 2
github.com/timescale/tsbs/cmd/tsbs_generate_queries/databases/timescaledb/iot.go:32.50,33.15 1 100
github.com/timescale/tsbs/cmd/tsbs_generate_queries/databases/timescaledb/iot.go:37.2,37.15 1 53
github.com/timescale/tsbs/cmd/tsbs_generate_queries/databases/timescaledb/iot.go:33.15,35.3 1 47
github.com/timescale/tsbs/cmd/tsbs_generate_queries/databases/timescaledb/iot.go:40.47,42.2 1 56
github.com/timescale/tsbs/cmd/tsbs_generate_queries/databases/timescaledb/iot.go:44.62,46.15 2 3
github.com/timescale/tsbs/cmd/tsbs_generate_queries/databases/timescaledb/iot.go:53.2,53.26 1 2
github.com/timescale/tsbs/cmd/tsbs_generate_queries/databases/timescaledb/iot.go:56.2,56.68 1 2
github.com/timescale/tsbs/cmd/tsbs_generate_queries/databases/timescaledb/iot.go:46.15,47.27 1 1
github.com/timescale/tsbs/cmd/tsbs_generate_queries/databases/timescaledb/iot.go:50.3,50.101 1 1
github.com/timescale/tsbs/cmd/tsbs_generate_queries/databases/timescaledb/iot.go:47.27,49.4 1 1
github.com/timescale/tsbs/cmd/tsbs_generate_queries/databases/timescaledb/iot.go:53.26,55.3 1 4
github.com/timescale/tsbs/cmd/tsbs_generate_queries/databases/timescaledb/iot.go:60.55,64.2 3 5
github.com/timescale/tsbs/cmd/tsbs_generate_queries/databases/timescaledb/iot.go:67.59,85.2 5 5
github.com/timescale/tsbs/cmd/tsbs_generate_queries/databases/timescaledb/iot.go:88.47,109.2 5 2
github.com/timescale/tsbs/cmd/tsbs_generate_queries/databases/timescaledb/iot.go:112.49,134.2 5 2
github.com/timescale/tsbs/cmd/tsbs_generate_queries/databases/timescaledb/iot.go:137.50,160.2 5 2
github.com/timescale/tsbs/cmd/tsbs_generate_queries/databases/timescaledb/iot.go:163.48,187.2 6 2
github.com/timescale/tsbs/cmd/tsbs_generate_queries/databases/timescaledb/iot.go:190.61,221.2 6 2
github.com/timescale/tsbs/cmd/tsbs_generate_queries/databases/timescaledb/iot.go:224.59,255.2 6 2
github.com/timescale/tsbs/cmd/tsbs_generate_queries/databases/timescaledb/iot.go:258.61,279.2 5 2
github.com/timescale/tsbs/cmd/tsbs_generate_queries/databases/timescaledb/iot.go:282.55,309.2 5 2
github.com/timescale/tsbs/cmd/tsbs_generate_queries/databases/timescaledb/iot.go:312.54,344.2 5 2
github.com/timescale/tsbs/cmd/tsbs_generate_queries/databases/timescaledb/iot.go:347.39,369.2 5 2
github.com/timescale/tsbs/cmd/tsbs_generate_queries/databases/timescaledb/iot.go:372.50,394.2 5 2
github.com/timescale/tsbs/cmd/tsbs_generate_queries/databases/timescaledb/iot.go:397.55,425.2 5 2
github.com/timescale/tsbs/cmd/tsbs_generate_queries/databases/timescaledb/iot.go:430.75,434.2 3 10
github.com/timescale/tsbs/cmd/tsbs_load_cassandra/creator.go:17.28,23.16 6 0
github.com/timescale/tsbs/cmd/tsbs_load_cassandra/creator.go:26.2,26.27 1 0
github.com/timescale/tsbs/cmd/tsbs_load_cassandra/creator.go:23.16,25.3 1 0
github.com/timescale/tsbs/cmd/tsbs_load_cassandra/creator.go:29.50,33.22 4 0
github.com/timescale/tsbs/cmd/tsbs_load_cassandra/creator.go:38.2,38.14 1 0
github.com/timescale/tsbs/cmd/tsbs_load_cassandra/creator.go:33.22,34.20 1 0
github.com/timescale/tsbs/cmd/tsbs_load_cassandra/creator.go:34.20,36.4 1 0
github.com/timescale/tsbs/cmd/tsbs_load_cassandra/creator.go:41.54,42.105 1 0
github.com/timescale/tsbs/cmd/tsbs_load_cassandra/creator.go:45.2,45.12 1 0
github.com/timescale/tsbs/cmd/tsbs_load_cassandra/creator.go:42.105,44.3 1 0
github.com/timescale/tsbs/cmd/tsbs_load_cassandra/creator.go:48.51,51.145 3 0
github.com/timescale/tsbs/cmd/tsbs_load_cassandra/creator.go:54.2,54.93 1 0
github.com/timescale/tsbs/cmd/tsbs_load_cassandra/creator.go:67.2,67.12 1 0
github.com/timescale/tsbs/cmd/tsbs_load_cassandra/creator.go:51.145,53.3 1 0
github.com/timescale/tsbs/cmd/tsbs_load_cassandra/creator.go:54.93,63.57 2 0
github.com/timescale/tsbs/cmd/tsbs_load_cassandra/creator.go:63.57,65.4 1 0
github.com/timescale/tsbs/cmd/tsbs_load_cassandra/creator.go:70.55,77.16 7 0
github.com/timescale/tsbs/cmd/tsbs_load_cassandra/creator.go:80.2,81.12 2 0
github.com/timescale/tsbs/cmd/tsbs_load_cassandra/creator.go:77.16,79.3 1 0
github.com/timescale/tsbs/cmd/tsbs_load_cassandra/creator.go:84.29,86.2 1 0
github.com/timescale/tsbs/cmd/tsbs_load_cassandra/main.go:45.13,59.16 9 1
github.com/timescale/tsbs/cmd/tsbs_load_cassandra/main.go:63.2,63.49 1 1
github.com/timescale/tsbs/cmd/tsbs_load_cassandra/main.go:67.2,72.56 5 1
github.com/timescale/tsbs/cmd/tsbs_load_cassandra/main.go:77.2,77.60 1 1
github.com/timescale/tsbs/cmd/tsbs_load_cassandra/main.go:59.16,60.56 1 0
github.com/timescale/tsbs/cmd/tsbs_load_cassandra/main.go:63.49,64.56 1 0
github.com/timescale/tsbs/cmd/tsbs_load_cassandra/main.go:72.56,75.3 2 0
github.com/timescale/tsbs/cmd/tsbs_load_cassandra/main.go:84.73,86.2 1 0
github.com/timescale/tsbs/cmd/tsbs_load_cassandra/main.go:88.57,90.2 1 0
github.com/timescale/tsbs/cmd/tsbs_load_cassandra/main.go:92.63,94.2 1 0
github.com/timescale/tsbs/cmd/tsbs_load_cassandra/main.go:96.51,98.2 1 0
github.com/timescale/tsbs/cmd/tsbs_load_cassandra/main.go:100.51,102.2 1 0
github.com/timescale/tsbs/cmd/tsbs_load_cassandra/main.go:104.13,106.2 1 0
github.com/timescale/tsbs/cmd/tsbs_load_cassandra/main.go:112.42,112.43 0 0
github.com/timescale/tsbs/cmd/tsbs_load_cassandra/main.go:116.78,119.12 2 0
github.com/timescale/tsbs/cmd/tsbs_load_cassandra/main.go:130.2,133.21 4 0
github.com/timescale/tsbs/cmd/tsbs_load_cassandra/main.go:119.12,121.37 2 0
github.com/timescale/tsbs/cmd/tsbs_load_cassandra/main.go:125.3,126.17 2 0
github.com/timescale/tsbs/cmd/tsbs_load_cassandra/main.go:121.37,123.4 1 0
github.com/timescale/tsbs/cmd/tsbs_load_cassandra/main.go:126.17,128.4 1 0
github.com/timescale/tsbs/cmd/tsbs_load_cassandra/scan.go:20.55,22.35 2 0
github.com/timescale/tsbs/cmd/tsbs_load_cassandra/scan.go:28.2,28.40 1 0
github.com/timescale/tsbs/cmd/tsbs_load_cassandra/scan.go:22.35,24.3 1 0
github.com/timescale/tsbs/cmd/tsbs_load_cassandra/scan.go:24.8,24.16 1 0
github.com/timescale/tsbs/cmd/tsbs_load_cassandra/scan.go:24.16,26.3 1 0
github.com/timescale/tsbs/cmd/tsbs_load_cassandra/scan.go:34.56,48.2 11 2
github.com/timescale/tsbs/cmd/tsbs_load_cassandra/scan.go:54.34,56.2 1 0
github.com/timescale/tsbs/cmd/tsbs_load_cassandra/scan.go:58.49,61.2 2 0
github.com/timescale/tsbs/cmd/tsbs_load_cassandra/scan.go:63.48,63.89 1 0
github.com/timescale/tsbs/cmd/tsbs_load_cassandra/scan.go:67.36,69.2 1 0
github.com/timescale/tsbs/cmd/tsbs_load_clickhouse/creator.go:19.28,22.2 2 0
github.com/timescale/tsbs/cmd/tsbs_load_clickhouse/creator.go:26.54,41.6 2 6
github.com/timescale/tsbs/cmd/tsbs_load_clickhouse/creator.go:41.6,45.13 3 19
github.com/timescale/tsbs/cmd/tsbs_load_clickhouse/creator.go:66.3,66.6 1 13
github.com/timescale/tsbs/cmd/tsbs_load_clickhouse/creator.go:45.13,48.18 2 6
github.com/timescale/tsbs/cmd/tsbs_load_clickhouse/creator.go:51.4,51.38 1 6
github.com/timescale/tsbs/cmd/tsbs_load_clickhouse/creator.go:48.18,50.5 1 1
github.com/timescale/tsbs/cmd/tsbs_load_clickhouse/creator.go:52.9,55.18 2 13
github.com/timescale/tsbs/cmd/tsbs_load_clickhouse/creator.go:58.4,59.22 2 13
github.com/timescale/tsbs/cmd/tsbs_load_clickhouse/creator.go:64.4,64.33 1 7
github.com/timescale/tsbs/cmd/tsbs_load_clickhouse/creator.go:55.18,57.5 1 2
github.com/timescale/tsbs/cmd/tsbs_load_clickhouse/creator.go:59.22,61.10 1 6
github.com/timescale/tsbs/cmd/tsbs_load_clickhouse/creator.go:71.50,76.15 4 0
github.com/timescale/tsbs/cmd/tsbs_load_clickhouse/creator.go:79.2,85.16 3 0
github.com/timescale/tsbs/cmd/tsbs_load_clickhouse/creator.go:88.2,88.27 1 0
github.com/timescale/tsbs/cmd/tsbs_load_clickhouse/creator.go:94.2,94.14 1 0
github.com/timescale/tsbs/cmd/tsbs_load_clickhouse/creator.go:76.15,78.3 1 0
github.com/timescale/tsbs/cmd/tsbs_load_clickhouse/creator.go:85.16,86.13 1 0
github.com/timescale/tsbs/cmd/tsbs_load_clickhouse/creator.go:88.27,89.25 1 0
github.com/timescale/tsbs/cmd/tsbs_load_clickhouse/creator.go:89.25,91.4 1 0
github.com/timescale/tsbs/cmd/tsbs_load_clickhouse/creator.go:98.54,103.40 4 0
github.com/timescale/tsbs/cmd/tsbs_load_clickhouse/creator.go:106.2,106.12 1 0
github.com/timescale/tsbs/cmd/tsbs_load_clickhouse/creator.go:103.40,104.13 1 0
github.com/timescale/tsbs/cmd/tsbs_load_clickhouse/creator.go:110.51,115.16 4 0
github.com/timescale/tsbs/cmd/tsbs_load_clickhouse/creator.go:118.2,134.24 6 0
github.com/timescale/tsbs/cmd/tsbs_load_clickhouse/creator.go:137.2,148.30 5 0
github.com/timescale/tsbs/cmd/tsbs_load_clickhouse/creator.go:154.2,154.12 1 0
github.com/timescale/tsbs/cmd/tsbs_load_clickhouse/creator.go:115.16,116.13 1 0
github.com/timescale/tsbs/cmd/tsbs_load_clickhouse/creator.go:134.24,136.3 1 0
github.com/timescale/tsbs/cmd/tsbs_load_clickhouse/creator.go:148.30,152.3 1 0
github.com/timescale/tsbs/cmd/tsbs_load_clickhouse/creator.go:158.64,160.15 2 0
github.com/timescale/tsbs/cmd/tsbs_load_clickhouse/creator.go:163.2,164.16 2 0
github.com/timescale/tsbs/cmd/tsbs_load_clickhouse/creator.go:160.15,162.3 1 0
github.com/timescale/tsbs/cmd/tsbs_load_clickhouse/creator.go:164.16,165.13 1 0
github.com/timescale/tsbs/cmd/tsbs_load_clickhouse/creator.go:169.65,173.36 1 4
github.com/timescale/tsbs/cmd/tsbs_load_clickhouse/creator.go:177.2,178.35 2 3
github.com/timescale/tsbs/cmd/tsbs_load_clickhouse/creator.go:183.2,195.9 3 2
github.com/timescale/tsbs/cmd/tsbs_load_clickhouse/creator.go:173.36,174.51 1 1
github.com/timescale/tsbs/cmd/tsbs_load_clickhouse/creator.go:178.35,181.3 2 6
github.com/timescale/tsbs/cmd/tsbs_load_clickhouse/creator.go:199.58,212.16 4 0
github.com/timescale/tsbs/cmd/tsbs_load_clickhouse/creator.go:219.2,223.37 3 0
github.com/timescale/tsbs/cmd/tsbs_load_clickhouse/creator.go:231.2,243.15 2 0
github.com/timescale/tsbs/cmd/tsbs_load_clickhouse/creator.go:246.2,247.16 2 0
github.com/timescale/tsbs/cmd/tsbs_load_clickhouse/creator.go:212.16,216.3 2 0
github.com/timescale/tsbs/cmd/tsbs_load_clickhouse/creator.go:223.37,224.23 1 0
github.com/timescale/tsbs/cmd/tsbs_load_clickhouse/creator.go:228.3,228.89 1 0
github.com/timescale/tsbs/cmd/tsbs_load_clickhouse/creator.go:224.23,226.12 1 0
github.com/timescale/tsbs/cmd/tsbs_load_clickhouse/creator.go:243.15,245.3 1 0
github.com/timescale/tsbs/cmd/tsbs_load_clickhouse/creator.go:247.16,248.13 1 0
github.com/timescale/tsbs/cmd/tsbs_load_clickhouse/creator.go:254.39,258.8 1 1
github.com/timescale/tsbs/cmd/tsbs_load_clickhouse/creator.go:262.2,262.83 1 0
github.com/timescale/tsbs/cmd/tsbs_load_clickhouse/creator.go:258.8,260.3 1 1
github.com/timescale/tsbs/cmd/tsbs_load_clickhouse/creator.go:265.66,268.35 3 0
github.com/timescale/tsbs/cmd/tsbs_load_clickhouse/creator.go:277.2,277.27 1 0
github.com/timescale/tsbs/cmd/tsbs_load_clickhouse/creator.go:268.35,270.27 2 0
github.com/timescale/tsbs/cmd/tsbs_load_clickhouse/creator.go:273.3,274.30 2 0
github.com/timescale/tsbs/cmd/tsbs_load_clickhouse/creator.go:270.27,271.42 1 0
github.com/timescale/tsbs/cmd/tsbs_load_clickhouse/creator.go:280.67,281.24 1 6
github.com/timescale/tsbs/cmd/tsbs_load_clickhouse/creator.go:282.16,283.28 1 1
github.com/timescale/tsbs/cmd/tsbs_load_clickhouse/creator.go:284.17,285.29 1 1
github.com/timescale/tsbs/cmd/tsbs_load_clickhouse/creator.go:286.17,287.29 1 1
github.com/timescale/tsbs/cmd/tsbs_load_clickhouse/creator.go:288.15,289.27 1 1
github.com/timescale/tsbs/cmd/tsbs_load_clickhouse/creator.go:290.15,291.27 1 1
github.com/timescale/tsbs/cmd/tsbs_load_clickhouse/creator.go:292.10,293.61 1 1
github.com/timescale/tsbs/cmd/tsbs_load_clickhouse/main.go:53.13,72.16 11 1
github.com/timescale/tsbs/cmd/tsbs_load_clickhouse/main.go:76.2,76.49 1 1
github.com/timescale/tsbs/cmd/tsbs_load_clickhouse/main.go:80.2,89.39 8 1
github.com/timescale/tsbs/cmd/tsbs_load_clickhouse/main.go:72.16,73.56 1 0
github.com/timescale/tsbs/cmd/tsbs_load_clickhouse/main.go:76.49,77.56 1 0
github.com/timescale/tsbs/cmd/tsbs_load_clickhouse/main.go:96.73,100.2 1 0
github.com/timescale/tsbs/cmd/tsbs_load_clickhouse/main.go:103.57,105.2 1 0
github.com/timescale/tsbs/cmd/tsbs_load_clickhouse/main.go:108.75,109.17 1 0
github.com/timescale/tsbs/cmd/tsbs_load_clickhouse/main.go:114.2,114.32 1 0
github.com/timescale/tsbs/cmd/tsbs_load_clickhouse/main.go:109.17,113.3 1 0
github.com/timescale/tsbs/cmd/tsbs_load_clickhouse/main.go:118.51,120.2 1 0
github.com/timescale/tsbs/cmd/tsbs_load_clickhouse/main.go:123.51,125.2 1 0
github.com/timescale/tsbs/cmd/tsbs_load_clickhouse/main.go:127.13,128.17 1 0
github.com/timescale/tsbs/cmd/tsbs_load_clickhouse/main.go:128.17,130.3 1 0
github.com/timescale/tsbs/cmd/tsbs_load_clickhouse/main.go:130.8,132.3 1 0
github.com/timescale/tsbs/cmd/tsbs_load_clickhouse/process.go:21.28,26.2 1 1
github.com/timescale/tsbs/cmd/tsbs_load_clickhouse/process.go:36.48,38.25 2 0
github.com/timescale/tsbs/cmd/tsbs_load_clickhouse/process.go:45.2,46.13 2 0
github.com/timescale/tsbs/cmd/tsbs_load_clickhouse/process.go:38.25,40.12 2 0
github.com/timescale/tsbs/cmd/tsbs_load_clickhouse/process.go:43.3,43.58 1 0
github.com/timescale/tsbs/cmd/tsbs_load_clickhouse/process.go:40.12,42.4 1 0
github.com/timescale/tsbs/cmd/tsbs_load_clickhouse/process.go:50.97,83.15 4 0
github.com/timescale/tsbs/cmd/tsbs_load_clickhouse/process.go:89.2,90.16 2 0
github.com/timescale/tsbs/cmd/tsbs_load_clickhouse/process.go:93.2,94.16 2 0
github.com/timescale/tsbs/cmd/tsbs_load_clickhouse/process.go:97.2,100.27 3 0
github.com/timescale/tsbs/cmd/tsbs_load_clickhouse/process.go:129.2,130.16 2 0
github.com/timescale/tsbs/cmd/tsbs_load_clickhouse/process.go:134.2,134.19 1 0
github.com/timescale/tsbs/cmd/tsbs_load_clickhouse/process.go:138.2,138.12 1 0
github.com/timescale/tsbs/cmd/tsbs_load_clickhouse/process.go:83.15,85.3 1 0
github.com/timescale/tsbs/cmd/tsbs_load_clickhouse/process.go:90.16,91.13 1 0
github.com/timescale/tsbs/cmd/tsbs_load_clickhouse/process.go:94.16,95.13 1 0
github.com/timescale/tsbs/cmd/tsbs_load_clickhouse/process.go:100.27,112.29 4 0
github.com/timescale/tsbs/cmd/tsbs_load_clickhouse/process.go:117.3,118.17 2 0
github.com/timescale/tsbs/cmd/tsbs_load_clickhouse/process.go:123.3,123.20 1 0
github.com/timescale/tsbs/cmd/tsbs_load_clickhouse/process.go:112.29,114.4 1 0
github.com/timescale/tsbs/cmd/tsbs_load_clickhouse/process.go:118.17,119.14 1 0
github.com/timescale/tsbs/cmd/tsbs_load_clickhouse/process.go:123.20,126.4 1 0
github.com/timescale/tsbs/cmd/tsbs_load_clickhouse/process.go:130.16,131.13 1 0
github.com/timescale/tsbs/cmd/tsbs_load_clickhouse/process.go:134.19,136.3 1 0
github.com/timescale/tsbs/cmd/tsbs_load_clickhouse/process.go:142.77,149.16 6 0
github.com/timescale/tsbs/cmd/tsbs_load_clickhouse/process.go:153.2,155.28 2 0
github.com/timescale/tsbs/cmd/tsbs_load_clickhouse/process.go:244.2,246.33 3 0
github.com/timescale/tsbs/cmd/tsbs_load_clickhouse/process.go:254.2,257.22 2 0
github.com/timescale/tsbs/cmd/tsbs_load_clickhouse/process.go:269.2,270.26 2 0
github.com/timescale/tsbs/cmd/tsbs_load_clickhouse/process.go:279.2,288.16 4 0
github.com/timescale/tsbs/cmd/tsbs_load_clickhouse/process.go:291.2,307.29 5 0
github.com/timescale/tsbs/cmd/tsbs_load_clickhouse/process.go:313.2,314.16 2 0
github.com/timescale/tsbs/cmd/tsbs_load_clickhouse/process.go:317.2,318.16 2 0
github.com/timescale/tsbs/cmd/tsbs_load_clickhouse/process.go:322.2,322.12 1 0
github.com/timescale/tsbs/cmd/tsbs_load_clickhouse/process.go:149.16,151.3 1 0
github.com/timescale/tsbs/cmd/tsbs_load_clickhouse/process.go:155.28,174.38 2 0
github.com/timescale/tsbs/cmd/tsbs_load_clickhouse/process.go:178.3,179.32 2 0
github.com/timescale/tsbs/cmd/tsbs_load_clickhouse/process.go:189.3,201.17 4 0
github.com/timescale/tsbs/cmd/tsbs_load_clickhouse/process.go:204.3,223.17 6 0
github.com/timescale/tsbs/cmd/tsbs_load_clickhouse/process.go:226.3,226.33 1 0
github.com/timescale/tsbs/cmd/tsbs_load_clickhouse/process.go:238.3,239.34 2 0
github.com/timescale/tsbs/cmd/tsbs_load_clickhouse/process.go:174.38,176.4 1 0
github.com/timescale/tsbs/cmd/tsbs_load_clickhouse/process.go:179.32,182.4 1 0
github.com/timescale/tsbs/cmd/tsbs_load_clickhouse/process.go:182.9,185.4 1 0
github.com/timescale/tsbs/cmd/tsbs_load_clickhouse/process.go:201.17,202.14 1 0
github.com/timescale/tsbs/cmd/tsbs_load_clickhouse/process.go:223.17,225.4 1 0
github.com/timescale/tsbs/cmd/tsbs_load_clickhouse/process.go:226.33,227.15 1 0
github.com/timescale/tsbs/cmd/tsbs_load_clickhouse/process.go:231.4,232.18 2 0
github.com/timescale/tsbs/cmd/tsbs_load_clickhouse/process.go:235.4,235.22 1 0
github.com/timescale/tsbs/cmd/tsbs_load_clickhouse/process.go:227.15,229.13 2 0
github.com/timescale/tsbs/cmd/tsbs_load_clickhouse/process.go:232.18,233.15 1 0
github.com/timescale/tsbs/cmd/tsbs_load_clickhouse/process.go:246.33,249.39 1 0
github.com/timescale/tsbs/cmd/tsbs_load_clickhouse/process.go:249.39,252.4 1 0
github.com/timescale/tsbs/cmd/tsbs_load_clickhouse/process.go:257.22,262.48 3 0
github.com/timescale/tsbs/cmd/tsbs_load_clickhouse/process.go:265.3,265.23 1 0
github.com/timescale/tsbs/cmd/tsbs_load_clickhouse/process.go:262.48,264.4 1 0
github.com/timescale/tsbs/cmd/tsbs_load_clickhouse/process.go:270.26,278.3 2 0
github.com/timescale/tsbs/cmd/tsbs_load_clickhouse/process.go:288.16,290.3 1 0
github.com/timescale/tsbs/cmd/tsbs_load_clickhouse/process.go:307.29,309.17 2 0
github.com/timescale/tsbs/cmd/tsbs_load_clickhouse/process.go:309.17,310.14 1 0
github.com/timescale/tsbs/cmd/tsbs_load_clickhouse/process.go:314.16,315.13 1 0
github.com/timescale/tsbs/cmd/tsbs_load_clickhouse/process.go:318.16,319.13 1 0
github.com/timescale/tsbs/cmd/tsbs_load_clickhouse/process.go:332.54,333.12 1 0
github.com/timescale/tsbs/cmd/tsbs_load_clickhouse/process.go:333.12,335.18 2 0
github.com/timescale/tsbs/cmd/tsbs_load_clickhouse/process.go:335.18,337.4 1 0
github.com/timescale/tsbs/cmd/tsbs_load_clickhouse/process.go:337.9,339.4 1 0
github.com/timescale/tsbs/cmd/tsbs_load_clickhouse/process.go:344.40,345.12 1 0
github.com/timescale/tsbs/cmd/tsbs_load_clickhouse/process.go:345.12,347.3 1 0
github.com/timescale/tsbs/cmd/tsbs_load_clickhouse/process.go:351.78,355.41 4 0
github.com/timescale/tsbs/cmd/tsbs_load_clickhouse/process.go:369.2,372.34 3 0
github.com/timescale/tsbs/cmd/tsbs_load_clickhouse/process.go:355.41,357.13 2 0
github.com/timescale/tsbs/cmd/tsbs_load_clickhouse/process.go:357.13,361.18 3 0
github.com/timescale/tsbs/cmd/tsbs_load_clickhouse/process.go:361.18,366.5 4 0
github.com/timescale/tsbs/cmd/tsbs_load_clickhouse/process.go:375.67,376.17 1 0
github.com/timescale/tsbs/cmd/tsbs_load_clickhouse/process.go:380.2,380.24 1 0
github.com/timescale/tsbs/cmd/tsbs_load_clickhouse/process.go:376.17,378.3 1 0
github.com/timescale/tsbs/cmd/tsbs_load_clickhouse/process.go:381.16,382.15 1 0
github.com/timescale/tsbs/cmd/tsbs_load_clickhouse/process.go:383.17,385.17 2 0
github.com/timescale/tsbs/cmd/tsbs_load_clickhouse/process.go:388.3,388.20 1 0
github.com/timescale/tsbs/cmd/tsbs_load_clickhouse/process.go:389.17,391.17 2 0
github.com/timescale/tsbs/cmd/tsbs_load_clickhouse/process.go:394.3,394.11 1 0
github.com/timescale/tsbs/cmd/tsbs_load_clickhouse/process.go:395.15,397.17 2 0
github.com/timescale/tsbs/cmd/tsbs_load_clickhouse/process.go:400.3,400.11 1 0
github.com/timescale/tsbs/cmd/tsbs_load_clickhouse/process.go:401.15,403.17 2 0
github.com/timescale/tsbs/cmd/tsbs_load_clickhouse/process.go:406.3,406.18 1 0
github.com/timescale/tsbs/cmd/tsbs_load_clickhouse/process.go:407.10,408.61 1 0
github.com/timescale/tsbs/cmd/tsbs_load_clickhouse/process.go:385.17,386.64 1 0
github.com/timescale/tsbs/cmd/tsbs_load_clickhouse/process.go:391.17,392.64 1 0
github.com/timescale/tsbs/cmd/tsbs_load_clickhouse/process.go:397.17,398.62 1 0
github.com/timescale/tsbs/cmd/tsbs_load_clickhouse/process.go:403.17,404.62 1 0
github.com/timescale/tsbs/cmd/tsbs_load_clickhouse/scan.go:17.58,23.2 5 0
github.com/timescale/tsbs/cmd/tsbs_load_clickhouse/scan.go:41.31,43.2 1 3
github.com/timescale/tsbs/cmd/tsbs_load_clickhouse/scan.go:46.46,51.2 4 2
github.com/timescale/tsbs/cmd/tsbs_load_clickhouse/scan.go:57.36,62.2 1 1
github.com/timescale/tsbs/cmd/tsbs_load_clickhouse/scan.go:72.55,79.35 3 5
github.com/timescale/tsbs/cmd/tsbs_load_clickhouse/scan.go:90.2,92.26 3 4
github.com/timescale/tsbs/cmd/tsbs_load_clickhouse/scan.go:96.2,101.9 3 3
github.com/timescale/tsbs/cmd/tsbs_load_clickhouse/scan.go:105.2,112.4 4 2
github.com/timescale/tsbs/cmd/tsbs_load_clickhouse/scan.go:79.35,82.3 1 1
github.com/timescale/tsbs/cmd/tsbs_load_clickhouse/scan.go:82.8,82.16 1 4
github.com/timescale/tsbs/cmd/tsbs_load_clickhouse/scan.go:82.16,85.3 2 0
github.com/timescale/tsbs/cmd/tsbs_load_clickhouse/scan.go:92.26,95.3 2 1
github.com/timescale/tsbs/cmd/tsbs_load_clickhouse/scan.go:101.9,104.3 2 1
github.com/timescale/tsbs/cmd/tsbs_generate_data/common/common.go:6.49,8.2 1 0
github.com/timescale/tsbs/cmd/tsbs_generate_data/common/common.go:11.53,13.2 1 1000000
github.com/timescale/tsbs/cmd/tsbs_generate_data/common/common.go:16.46,18.2 1 1000000
github.com/timescale/tsbs/cmd/tsbs_generate_data/common/distribution.go:23.51,28.2 1 0
github.com/timescale/tsbs/cmd/tsbs_generate_data/common/distribution.go:32.40,34.2 1 0
github.com/timescale/tsbs/cmd/tsbs_generate_data/common/distribution.go:37.44,39.2 1 0
github.com/timescale/tsbs/cmd/tsbs_generate_data/common/distribution.go:50.49,55.2 1 0
github.com/timescale/tsbs/cmd/tsbs_generate_data/common/distribution.go:59.41,64.2 4 0
github.com/timescale/tsbs/cmd/tsbs_generate_data/common/distribution.go:67.45,69.2 1 0
github.com/timescale/tsbs/cmd/tsbs_generate_data/common/distribution.go:80.67,85.2 1 0
github.com/timescale/tsbs/cmd/tsbs_generate_data/common/distribution.go:88.44,91.2 2 0
github.com/timescale/tsbs/cmd/tsbs_generate_data/common/distribution.go:94.48,96.2 1 0
github.com/timescale/tsbs/cmd/tsbs_generate_data/common/distribution.go:110.85,118.2 1 3
github.com/timescale/tsbs/cmd/tsbs_generate_data/common/distribution.go:121.51,124.21 3 2
github.com/timescale/tsbs/cmd/tsbs_generate_data/common/distribution.go:127.2,127.21 1 2
github.com/timescale/tsbs/cmd/tsbs_generate_data/common/distribution.go:124.21,126.3 1 0
github.com/timescale/tsbs/cmd/tsbs_generate_data/common/distribution.go:127.21,129.3 1 1
github.com/timescale/tsbs/cmd/tsbs_generate_data/common/distribution.go:133.55,135.2 1 3
github.com/timescale/tsbs/cmd/tsbs_generate_data/common/distribution.go:147.53,150.2 2 0
github.com/timescale/tsbs/cmd/tsbs_generate_data/common/distribution.go:153.57,155.2 1 0
github.com/timescale/tsbs/cmd/tsbs_generate_data/common/distribution.go:158.77,163.2 1 0
github.com/timescale/tsbs/cmd/tsbs_generate_data/common/distribution.go:171.43,172.2 0 0
github.com/timescale/tsbs/cmd/tsbs_generate_data/common/distribution.go:175.46,177.2 1 0
github.com/timescale/tsbs/cmd/tsbs_generate_data/common/distribution.go:186.36,188.2 1 1
github.com/timescale/tsbs/cmd/tsbs_generate_data/common/distribution.go:191.40,193.2 1 33
github.com/timescale/tsbs/cmd/tsbs_generate_data/common/distribution.go:197.59,199.19 1 34
github.com/timescale/tsbs/cmd/tsbs_generate_data/common/distribution.go:204.2,207.3 1 34
github.com/timescale/tsbs/cmd/tsbs_generate_data/common/distribution.go:199.19,201.3 1 3
github.com/timescale/tsbs/cmd/tsbs_generate_data/common/distribution.go:201.8,201.26 1 31
github.com/timescale/tsbs/cmd/tsbs_generate_data/common/distribution.go:201.26,203.3 1 12
github.com/timescale/tsbs/cmd/tsbs_generate_data/common/distribution.go:221.73,227.2 1 1
github.com/timescale/tsbs/cmd/tsbs_generate_data/common/distribution.go:230.38,232.34 2 3
github.com/timescale/tsbs/cmd/tsbs_generate_data/common/distribution.go:235.2,235.18 1 2
github.com/timescale/tsbs/cmd/tsbs_generate_data/common/distribution.go:232.34,234.3 1 1
github.com/timescale/tsbs/cmd/tsbs_generate_data/common/distribution.go:239.42,241.2 1 3
github.com/timescale/tsbs/cmd/tsbs_generate_data/common/measurement.go:16.91,21.2 1 7
github.com/timescale/tsbs/cmd/tsbs_generate_data/common/measurement.go:25.126,27.35 2 3
github.com/timescale/tsbs/cmd/tsbs_generate_data/common/measurement.go:30.2,30.10 1 3
github.com/timescale/tsbs/cmd/tsbs_generate_data/common/measurement.go:27.35,29.3 1 4
github.com/timescale/tsbs/cmd/tsbs_generate_data/common/measurement.go:34.54,36.33 2 3
github.com/timescale/tsbs/cmd/tsbs_generate_data/common/measurement.go:36.33,38.3 1 5
github.com/timescale/tsbs/cmd/tsbs_generate_data/common/measurement.go:42.119,46.36 3 1
github.com/timescale/tsbs/cmd/tsbs_generate_data/common/measurement.go:46.36,48.3 1 1
github.com/timescale/tsbs/cmd/tsbs_generate_data/common/measurement.go:55.127,59.36 3 1
github.com/timescale/tsbs/cmd/tsbs_generate_data/common/measurement.go:59.36,61.3 1 1
github.com/timescale/tsbs/cmd/tsbs_generate_data/common/simulator.go:29.77,31.2 1 7
github.com/timescale/tsbs/cmd/tsbs_generate_data/common/simulator.go:34.93,36.39 2 7
github.com/timescale/tsbs/cmd/tsbs_generate_data/common/simulator.go:40.2,42.36 3 7
github.com/timescale/tsbs/cmd/tsbs_generate_data/common/simulator.go:46.2,64.12 2 7
github.com/timescale/tsbs/cmd/tsbs_generate_data/common/simulator.go:36.39,38.3 1 700
github.com/timescale/tsbs/cmd/tsbs_generate_data/common/simulator.go:42.36,45.3 1 2
github.com/timescale/tsbs/cmd/tsbs_generate_data/common/simulator.go:97.41,99.2 1 0
github.com/timescale/tsbs/cmd/tsbs_generate_data/common/simulator.go:102.55,103.51 1 2700
github.com/timescale/tsbs/cmd/tsbs_generate_data/common/simulator.go:108.2,108.72 1 2700
github.com/timescale/tsbs/cmd/tsbs_generate_data/common/simulator.go:118.2,121.39 2 2700
github.com/timescale/tsbs/cmd/tsbs_generate_data/common/simulator.go:126.2,131.12 5 2700
github.com/timescale/tsbs/cmd/tsbs_generate_data/common/simulator.go:103.51,106.3 2 26
github.com/timescale/tsbs/cmd/tsbs_generate_data/common/simulator.go:108.72,111.42 2 2
github.com/timescale/tsbs/cmd/tsbs_generate_data/common/simulator.go:115.3,115.29 1 2
github.com/timescale/tsbs/cmd/tsbs_generate_data/common/simulator.go:111.42,113.4 1 200
github.com/timescale/tsbs/cmd/tsbs_generate_data/common/simulator.go:121.39,123.3 1 2700
github.com/timescale/tsbs/cmd/tsbs_generate_data/common/simulator.go:135.54,136.28 1 2
github.com/timescale/tsbs/cmd/tsbs_generate_data/common/simulator.go:140.2,141.52 2 1
github.com/timescale/tsbs/cmd/tsbs_generate_data/common/simulator.go:147.2,147.13 1 1
github.com/timescale/tsbs/cmd/tsbs_generate_data/common/simulator.go:136.28,137.57 1 1
github.com/timescale/tsbs/cmd/tsbs_generate_data/common/simulator.go:141.52,145.3 3 9
github.com/timescale/tsbs/cmd/tsbs_generate_data/common/simulator.go:151.44,152.28 1 2
github.com/timescale/tsbs/cmd/tsbs_generate_data/common/simulator.go:156.2,158.27 3 1
github.com/timescale/tsbs/cmd/tsbs_generate_data/common/simulator.go:162.2,162.13 1 1
github.com/timescale/tsbs/cmd/tsbs_generate_data/common/simulator.go:152.28,153.59 1 1
github.com/timescale/tsbs/cmd/tsbs_generate_data/common/simulator.go:158.27,160.3 1 1
github.com/timescale/tsbs/cmd/tsbs_generate_data/common/simulator.go:166.51,167.28 1 2
github.com/timescale/tsbs/cmd/tsbs_generate_data/common/simulator.go:171.2,173.27 3 1
github.com/timescale/tsbs/cmd/tsbs_generate_data/common/simulator.go:177.2,177.13 1 1
github.com/timescale/tsbs/cmd/tsbs_generate_data/common/simulator.go:167.28,168.60 1 1
github.com/timescale/tsbs/cmd/tsbs_generate_data/common/simulator.go:173.27,175.3 1 1
github.com/timescale/tsbs/cmd/tsbs_generate_data/common/simulator.go:189.50,193.2 3 2
github.com/timescale/tsbs/cmd/tsbs_generate_data/devops/disk.go:60.59,71.2 5 1203
github.com/timescale/tsbs/cmd/tsbs_generate_data/devops/disk.go:74.55,106.2 18 301
github.com/timescale/tsbs/cmd/tsbs_generate_data/devops/diskio.go:28.48,28.79 1 1203
github.com/timescale/tsbs/cmd/tsbs_generate_data/devops/diskio.go:29.49,29.80 1 1203
github.com/timescale/tsbs/cmd/tsbs_generate_data/devops/diskio.go:30.53,30.86 1 1203
[...]
github.com/timescale/tsbs/cmd/tsbs_load_timescaledb/main.go:121.2,149.42 23 1
github.com/timescale/tsbs/cmd/tsbs_load_timescaledb/main.go:113.16,114.56 1 0
github.com/timescale/tsbs/cmd/tsbs_load_timescaledb/main.go:117.49,118.56 1 0
github.com/timescale/tsbs/cmd/tsbs_load_timescaledb/main.go:154.73,156.2 1 0
github.com/timescale/tsbs/cmd/tsbs_load_timescaledb/main.go:158.57,160.2 1 0
github.com/timescale/tsbs/cmd/tsbs_load_timescaledb/main.go:162.75,163.17 1 0
github.com/timescale/tsbs/cmd/tsbs_load_timescaledb/main.go:166.2,166.32 1 0
github.com/timescale/tsbs/cmd/tsbs_load_timescaledb/main.go:163.17,165.3 1 0
github.com/timescale/tsbs/cmd/tsbs_load_timescaledb/main.go:169.51,171.2 1 0
github.com/timescale/tsbs/cmd/tsbs_load_timescaledb/main.go:173.51,179.2 1 0
github.com/timescale/tsbs/cmd/tsbs_load_timescaledb/main.go:181.13,182.21 1 0
github.com/timescale/tsbs/cmd/tsbs_load_timescaledb/main.go:188.2,188.26 1 0
github.com/timescale/tsbs/cmd/tsbs_load_timescaledb/main.go:192.2,193.35 2 0
github.com/timescale/tsbs/cmd/tsbs_load_timescaledb/main.go:197.2,197.17 1 0
github.com/timescale/tsbs/cmd/tsbs_load_timescaledb/main.go:203.2,203.35 1 0
github.com/timescale/tsbs/cmd/tsbs_load_timescaledb/main.go:182.21,184.3 1 0
github.com/timescale/tsbs/cmd/tsbs_load_timescaledb/main.go:184.8,186.3 1 0
github.com/timescale/tsbs/cmd/tsbs_load_timescaledb/main.go:188.26,190.3 1 0
github.com/timescale/tsbs/cmd/tsbs_load_timescaledb/main.go:193.35,195.3 1 0
github.com/timescale/tsbs/cmd/tsbs_load_timescaledb/main.go:197.17,199.3 1 0
github.com/timescale/tsbs/cmd/tsbs_load_timescaledb/main.go:199.8,201.3 1 0
github.com/timescale/tsbs/cmd/tsbs_load_timescaledb/main.go:203.35,205.3 1 0
github.com/timescale/tsbs/cmd/tsbs_load_timescaledb/main.go:208.32,216.19 4 3
github.com/timescale/tsbs/cmd/tsbs_load_timescaledb/main.go:219.2,219.19 1 3
github.com/timescale/tsbs/cmd/tsbs_load_timescaledb/main.go:223.2,223.21 1 3
github.com/timescale/tsbs/cmd/tsbs_load_timescaledb/main.go:228.2,228.22 1 3
github.com/timescale/tsbs/cmd/tsbs_load_timescaledb/main.go:216.19,218.3 1 3
github.com/timescale/tsbs/cmd/tsbs_load_timescaledb/main.go:219.19,221.3 1 0
github.com/timescale/tsbs/cmd/tsbs_load_timescaledb/main.go:223.21,226.3 1 0
github.com/timescale/tsbs/cmd/tsbs_load_timescaledb/process.go:30.28,35.2 1 1
github.com/timescale/tsbs/cmd/tsbs_load_timescaledb/process.go:41.64,43.25 2 9
github.com/timescale/tsbs/cmd/tsbs_load_timescaledb/process.go:47.2,47.13 1 9
github.com/timescale/tsbs/cmd/tsbs_load_timescaledb/process.go:43.25,46.3 2 11
github.com/timescale/tsbs/cmd/tsbs_load_timescaledb/process.go:50.86,55.13 5 0
github.com/timescale/tsbs/cmd/tsbs_load_timescaledb/process.go:76.2,79.16 4 0
github.com/timescale/tsbs/cmd/tsbs_load_timescaledb/process.go:84.2,84.19 1 0
github.com/timescale/tsbs/cmd/tsbs_load_timescaledb/process.go:111.2,111.12 1 0
github.com/timescale/tsbs/cmd/tsbs_load_timescaledb/process.go:55.13,57.31 2 0
github.com/timescale/tsbs/cmd/tsbs_load_timescaledb/process.go:57.31,60.30 3 0
github.com/timescale/tsbs/cmd/tsbs_load_timescaledb/process.go:66.4,67.33 2 0
github.com/timescale/tsbs/cmd/tsbs_load_timescaledb/process.go:60.30,61.15 1 0
github.com/timescale/tsbs/cmd/tsbs_load_timescaledb/process.go:64.5,64.55 1 0
github.com/timescale/tsbs/cmd/tsbs_load_timescaledb/process.go:61.15,63.6 1 0
github.com/timescale/tsbs/cmd/tsbs_load_timescaledb/process.go:69.8,70.31 1 0
github.com/timescale/tsbs/cmd/tsbs_load_timescaledb/process.go:70.31,74.4 3 0
github.com/timescale/tsbs/cmd/tsbs_load_timescaledb/process.go:79.16,80.13 1 0
github.com/timescale/tsbs/cmd/tsbs_load_timescaledb/process.go:84.19,88.26 4 0
github.com/timescale/tsbs/cmd/tsbs_load_timescaledb/process.go:91.3,92.18 2 0
github.com/timescale/tsbs/cmd/tsbs_load_timescaledb/process.go:108.3,109.13 2 0
github.com/timescale/tsbs/cmd/tsbs_load_timescaledb/process.go:88.26,90.4 1 0
github.com/timescale/tsbs/cmd/tsbs_load_timescaledb/process.go:92.18,94.18 2 0
github.com/timescale/tsbs/cmd/tsbs_load_timescaledb/process.go:98.4,99.15 2 0
github.com/timescale/tsbs/cmd/tsbs_load_timescaledb/process.go:106.4,106.33 1 0
github.com/timescale/tsbs/cmd/tsbs_load_timescaledb/process.go:94.18,95.15 1 0
github.com/timescale/tsbs/cmd/tsbs_load_timescaledb/process.go:99.15,103.5 3 0
github.com/timescale/tsbs/cmd/tsbs_load_timescaledb/process.go:103.10,105.5 1 0
github.com/timescale/tsbs/cmd/tsbs_load_timescaledb/process.go:118.98,124.28 5 5
github.com/timescale/tsbs/cmd/tsbs_load_timescaledb/process.go:172.2,172.38 1 4
github.com/timescale/tsbs/cmd/tsbs_load_timescaledb/process.go:124.28,130.38 2 9
github.com/timescale/tsbs/cmd/tsbs_load_timescaledb/process.go:134.3,135.32 2 9
github.com/timescale/tsbs/cmd/tsbs_load_timescaledb/process.go:139.3,143.17 4 9
github.com/timescale/tsbs/cmd/tsbs_load_timescaledb/process.go:146.3,151.17 4 8
github.com/timescale/tsbs/cmd/tsbs_load_timescaledb/process.go:154.3,154.33 1 8
github.com/timescale/tsbs/cmd/tsbs_load_timescaledb/process.go:168.3,169.50 2 8
github.com/timescale/tsbs/cmd/tsbs_load_timescaledb/process.go:130.38,132.4 1 18
github.com/timescale/tsbs/cmd/tsbs_load_timescaledb/process.go:135.32,137.4 1 5
github.com/timescale/tsbs/cmd/tsbs_load_timescaledb/process.go:143.17,144.14 1 1
github.com/timescale/tsbs/cmd/tsbs_load_timescaledb/process.go:151.17,153.4 1 4
github.com/timescale/tsbs/cmd/tsbs_load_timescaledb/process.go:154.33,155.15 1 24
github.com/timescale/tsbs/cmd/tsbs_load_timescaledb/process.go:160.4,161.18 2 24
github.com/timescale/tsbs/cmd/tsbs_load_timescaledb/process.go:165.4,165.22 1 24
github.com/timescale/tsbs/cmd/tsbs_load_timescaledb/process.go:155.15,157.13 2 0
github.com/timescale/tsbs/cmd/tsbs_load_timescaledb/process.go:161.18,162.15 1 0
github.com/timescale/tsbs/cmd/tsbs_load_timescaledb/process.go:175.78,177.16 2 0
github.com/timescale/tsbs/cmd/tsbs_load_timescaledb/process.go:180.2,185.31 4 0
github.com/timescale/tsbs/cmd/tsbs_load_timescaledb/process.go:190.2,191.22 2 0
github.com/timescale/tsbs/cmd/tsbs_load_timescaledb/process.go:200.2,201.26 2 0
github.com/timescale/tsbs/cmd/tsbs_load_timescaledb/process.go:205.2,209.16 4 0
github.com/timescale/tsbs/cmd/tsbs_load_timescaledb/process.go:212.2,214.21 2 0
github.com/timescale/tsbs/cmd/tsbs_load_timescaledb/process.go:250.2,250.19 1 0
github.com/timescale/tsbs/cmd/tsbs_load_timescaledb/process.go:177.16,179.3 1 0
github.com/timescale/tsbs/cmd/tsbs_load_timescaledb/process.go:185.31,186.37 1 0
github.com/timescale/tsbs/cmd/tsbs_load_timescaledb/process.go:186.37,188.4 1 0
github.com/timescale/tsbs/cmd/tsbs_load_timescaledb/process.go:191.22,194.25 3 0
github.com/timescale/tsbs/cmd/tsbs_load_timescaledb/process.go:197.3,197.23 1 0
github.com/timescale/tsbs/cmd/tsbs_load_timescaledb/process.go:194.25,196.4 1 0
github.com/timescale/tsbs/cmd/tsbs_load_timescaledb/process.go:201.26,204.3 2 0
github.com/timescale/tsbs/cmd/tsbs_load_timescaledb/process.go:209.16,211.3 1 0
github.com/timescale/tsbs/cmd/tsbs_load_timescaledb/process.go:214.21,217.17 3 0
github.com/timescale/tsbs/cmd/tsbs_load_timescaledb/process.go:221.3,221.30 1 0
github.com/timescale/tsbs/cmd/tsbs_load_timescaledb/process.go:224.3,225.17 2 0
github.com/timescale/tsbs/cmd/tsbs_load_timescaledb/process.go:229.3,230.17 2 0
github.com/timescale/tsbs/cmd/tsbs_load_timescaledb/process.go:234.3,235.17 2 0
github.com/timescale/tsbs/cmd/tsbs_load_timescaledb/process.go:217.17,218.14 1 0
github.com/timescale/tsbs/cmd/tsbs_load_timescaledb/process.go:221.30,223.4 1 0
github.com/timescale/tsbs/cmd/tsbs_load_timescaledb/process.go:225.17,226.14 1 0
github.com/timescale/tsbs/cmd/tsbs_load_timescaledb/process.go:230.17,231.14 1 0
github.com/timescale/tsbs/cmd/tsbs_load_timescaledb/process.go:235.17,236.14 1 0
github.com/timescale/tsbs/cmd/tsbs_load_timescaledb/process.go:238.8,241.17 3 0
github.com/timescale/tsbs/cmd/tsbs_load_timescaledb/process.go:244.3,244.39 1 0
github.com/timescale/tsbs/cmd/tsbs_load_timescaledb/process.go:241.17,242.14 1 0
github.com/timescale/tsbs/cmd/tsbs_load_timescaledb/process.go:244.39,247.4 2 0
github.com/timescale/tsbs/cmd/tsbs_load_timescaledb/process.go:259.54,260.12 1 0
github.com/timescale/tsbs/cmd/tsbs_load_timescaledb/process.go:260.12,262.18 2 0
github.com/timescale/tsbs/cmd/tsbs_load_timescaledb/process.go:267.3,267.23 1 0
github.com/timescale/tsbs/cmd/tsbs_load_timescaledb/process.go:262.18,264.4 1 0
github.com/timescale/tsbs/cmd/tsbs_load_timescaledb/process.go:264.9,266.4 1 0
github.com/timescale/tsbs/cmd/tsbs_load_timescaledb/process.go:267.23,269.18 2 0
github.com/timescale/tsbs/cmd/tsbs_load_timescaledb/process.go:272.4,272.20 1 0
github.com/timescale/tsbs/cmd/tsbs_load_timescaledb/process.go:269.18,270.15 1 0
github.com/timescale/tsbs/cmd/tsbs_load_timescaledb/process.go:277.40,278.12 1 0
github.com/timescale/tsbs/cmd/tsbs_load_timescaledb/process.go:281.2,281.22 1 0
github.com/timescale/tsbs/cmd/tsbs_load_timescaledb/process.go:278.12,280.3 1 0
github.com/timescale/tsbs/cmd/tsbs_load_timescaledb/process.go:281.22,283.17 2 0
github.com/timescale/tsbs/cmd/tsbs_load_timescaledb/process.go:283.17,284.14 1 0
github.com/timescale/tsbs/cmd/tsbs_load_timescaledb/process.go:289.78,293.42 4 0
github.com/timescale/tsbs/cmd/tsbs_load_timescaledb/process.go:307.2,309.34 3 0
github.com/timescale/tsbs/cmd/tsbs_load_timescaledb/process.go:293.42,295.13 2 0
github.com/timescale/tsbs/cmd/tsbs_load_timescaledb/process.go:295.13,299.18 3 0
github.com/timescale/tsbs/cmd/tsbs_load_timescaledb/process.go:299.18,304.5 4 0
github.com/timescale/tsbs/cmd/tsbs_load_timescaledb/process.go:311.76,313.2 1 1
github.com/timescale/tsbs/cmd/tsbs_load_timescaledb/process.go:315.77,317.2 1 0
github.com/timescale/tsbs/cmd/tsbs_load_timescaledb/process.go:319.104,321.29 2 1
github.com/timescale/tsbs/cmd/tsbs_load_timescaledb/process.go:334.2,334.16 1 1
github.com/timescale/tsbs/cmd/tsbs_load_timescaledb/process.go:321.29,322.16 1 6
github.com/timescale/tsbs/cmd/tsbs_load_timescaledb/process.go:326.3,326.19 1 5
github.com/timescale/tsbs/cmd/tsbs_load_timescaledb/process.go:322.16,324.12 2 1
github.com/timescale/tsbs/cmd/tsbs_load_timescaledb/process.go:327.17,328.44 1 0
github.com/timescale/tsbs/cmd/tsbs_load_timescaledb/process.go:329.11,330.20 1 5
github.com/timescale/tsbs/cmd/tsbs_load_timescaledb/profile.go:13.36,15.16 2 0
github.com/timescale/tsbs/cmd/tsbs_load_timescaledb/profile.go:18.2,21.50 3 0
github.com/timescale/tsbs/cmd/tsbs_load_timescaledb/profile.go:15.16,17.3 1 0
github.com/timescale/tsbs/cmd/tsbs_load_timescaledb/profile.go:21.50,22.18 1 0
github.com/timescale/tsbs/cmd/tsbs_load_timescaledb/profile.go:22.18,24.18 2 0
github.com/timescale/tsbs/cmd/tsbs_load_timescaledb/profile.go:27.4,27.28 1 0
github.com/timescale/tsbs/cmd/tsbs_load_timescaledb/profile.go:24.18,25.15 1 0
github.com/timescale/tsbs/cmd/tsbs_load_timescaledb/profile.go:27.28,29.77 2 0
github.com/timescale/tsbs/cmd/tsbs_load_timescaledb/profile.go:29.77,31.11 2 0
github.com/timescale/tsbs/cmd/tsbs_load_timescaledb/profile.go:34.9,36.18 2 0
github.com/timescale/tsbs/cmd/tsbs_load_timescaledb/profile.go:40.4,41.18 2 0
github.com/timescale/tsbs/cmd/tsbs_load_timescaledb/profile.go:46.4,46.68 1 0
github.com/timescale/tsbs/cmd/tsbs_load_timescaledb/profile.go:36.18,38.13 2 0
github.com/timescale/tsbs/cmd/tsbs_load_timescaledb/profile.go:41.18,43.13 2 0
github.com/timescale/tsbs/cmd/tsbs_load_timescaledb/scan.go:16.58,22.2 5 7000
github.com/timescale/tsbs/cmd/tsbs_load_timescaledb/scan.go:35.36,37.2 1 3
github.com/timescale/tsbs/cmd/tsbs_load_timescaledb/scan.go:39.51,44.2 4 2
github.com/timescale/tsbs/cmd/tsbs_load_timescaledb/scan.go:48.36,53.2 1 1
github.com/timescale/tsbs/cmd/tsbs_load_timescaledb/scan.go:61.55,64.35 3 5
github.com/timescale/tsbs/cmd/tsbs_load_timescaledb/scan.go:72.2,74.26 3 4
github.com/timescale/tsbs/cmd/tsbs_load_timescaledb/scan.go:78.2,82.9 3 3
github.com/timescale/tsbs/cmd/tsbs_load_timescaledb/scan.go:86.2,93.4 4 2
github.com/timescale/tsbs/cmd/tsbs_load_timescaledb/scan.go:64.35,66.3 1 1
github.com/timescale/tsbs/cmd/tsbs_load_timescaledb/scan.go:66.8,66.16 1 4
github.com/timescale/tsbs/cmd/tsbs_load_timescaledb/scan.go:66.16,69.3 2 0
github.com/timescale/tsbs/cmd/tsbs_load_timescaledb/scan.go:74.26,77.3 2 1
github.com/timescale/tsbs/cmd/tsbs_load_timescaledb/scan.go:82.9,85.3 2 1
github.com/timescale/tsbs/cmd/tsbs_load_influx/main.go:49.13,64.16 11 1
github.com/timescale/tsbs/cmd/tsbs_load_influx/main.go:68.2,68.49 1 1
github.com/timescale/tsbs/cmd/tsbs_load_influx/main.go:72.2,78.51 6 1
github.com/timescale/tsbs/cmd/tsbs_load_influx/main.go:82.2,83.26 2 1
github.com/timescale/tsbs/cmd/tsbs_load_influx/main.go:87.2,87.42 1 1
github.com/timescale/tsbs/cmd/tsbs_load_influx/main.go:64.16,65.56 1 0
github.com/timescale/tsbs/cmd/tsbs_load_influx/main.go:68.49,69.56 1 0
github.com/timescale/tsbs/cmd/tsbs_load_influx/main.go:78.51,80.3 1 0
github.com/timescale/tsbs/cmd/tsbs_load_influx/main.go:83.26,85.3 1 0
github.com/timescale/tsbs/cmd/tsbs_load_influx/main.go:92.73,94.2 1 0
github.com/timescale/tsbs/cmd/tsbs_load_influx/main.go:96.57,98.2 1 0
github.com/timescale/tsbs/cmd/tsbs_load_influx/main.go:100.63,102.2 1 0
github.com/timescale/tsbs/cmd/tsbs_load_influx/main.go:104.51,106.2 1 0
github.com/timescale/tsbs/cmd/tsbs_load_influx/main.go:108.51,110.2 1 0
github.com/timescale/tsbs/cmd/tsbs_load_influx/main.go:112.13,114.27 1 0
github.com/timescale/tsbs/cmd/tsbs_load_influx/main.go:119.2,119.53 1 0
github.com/timescale/tsbs/cmd/tsbs_load_influx/main.go:114.27,116.4 1 0
github.com/timescale/tsbs/cmd/tsbs_load_influx/process.go:23.49,32.2 4 3
github.com/timescale/tsbs/cmd/tsbs_load_influx/process.go:34.70,39.2 4 10
github.com/timescale/tsbs/cmd/tsbs_load_influx/process.go:41.35,44.2 2 8
github.com/timescale/tsbs/cmd/tsbs_load_influx/process.go:46.78,50.12 2 5
github.com/timescale/tsbs/cmd/tsbs_load_influx/process.go:76.2,82.26 5 5
github.com/timescale/tsbs/cmd/tsbs_load_influx/process.go:50.12,52.7 2 4
github.com/timescale/tsbs/cmd/tsbs_load_influx/process.go:72.3,72.17 1 4
github.com/timescale/tsbs/cmd/tsbs_load_influx/process.go:52.7,53.15 1 5
github.com/timescale/tsbs/cmd/tsbs_load_influx/process.go:64.4,64.25 1 5
github.com/timescale/tsbs/cmd/tsbs_load_influx/process.go:53.15,60.5 5 1
github.com/timescale/tsbs/cmd/tsbs_load_influx/process.go:60.10,62.5 1 4
github.com/timescale/tsbs/cmd/tsbs_load_influx/process.go:64.25,67.5 2 1
github.com/timescale/tsbs/cmd/tsbs_load_influx/process.go:67.10,69.10 2 4
github.com/timescale/tsbs/cmd/tsbs_load_influx/process.go:72.17,74.4 1 1
github.com/timescale/tsbs/cmd/tsbs_load_influx/process.go:85.58,89.37 4 10
github.com/timescale/tsbs/cmd/tsbs_load_influx/process.go:101.2,102.32 2 8
github.com/timescale/tsbs/cmd/tsbs_load_influx/process.go:89.37,90.20 1 10
github.com/timescale/tsbs/cmd/tsbs_load_influx/process.go:90.20,93.4 2 2
github.com/timescale/tsbs/cmd/tsbs_load_influx/process.go:93.9,93.27 1 8
github.com/timescale/tsbs/cmd/tsbs_load_influx/process.go:93.27,99.4 5 2
github.com/timescale/tsbs/cmd/tsbs_load_influx/scan.go:19.55,21.35 2 4
github.com/timescale/tsbs/cmd/tsbs_load_influx/scan.go:27.2,27.41 1 3
github.com/timescale/tsbs/cmd/tsbs_load_influx/scan.go:21.35,23.3 1 1
github.com/timescale/tsbs/cmd/tsbs_load_influx/scan.go:23.8,23.16 1 3
github.com/timescale/tsbs/cmd/tsbs_load_influx/scan.go:23.16,26.3 2 0
github.com/timescale/tsbs/cmd/tsbs_load_influx/scan.go:36.27,38.2 1 3
github.com/timescale/tsbs/cmd/tsbs_load_influx/scan.go:40.42,47.20 5 4
github.com/timescale/tsbs/cmd/tsbs_load_influx/scan.go:51.2,54.22 3 3
github.com/timescale/tsbs/cmd/tsbs_load_influx/scan.go:47.20,50.3 2 1
github.com/timescale/tsbs/cmd/tsbs_load_influx/scan.go:59.36,61.2 1 2
github.com/timescale/tsbs/cmd/tsbs_load_influx/creator.go:17.28,19.2 1 0
github.com/timescale/tsbs/cmd/tsbs_load_influx/creator.go:21.50,23.16 2 0
github.com/timescale/tsbs/cmd/tsbs_load_influx/creator.go:27.2,27.25 1 0
github.com/timescale/tsbs/cmd/tsbs_load_influx/creator.go:32.2,32.14 1 0
github.com/timescale/tsbs/cmd/tsbs_load_influx/creator.go:23.16,25.3 1 0
github.com/timescale/tsbs/cmd/tsbs_load_influx/creator.go:27.25,28.34 1 0
github.com/timescale/tsbs/cmd/tsbs_load_influx/creator.go:28.34,30.4 1 0
github.com/timescale/tsbs/cmd/tsbs_load_influx/creator.go:35.55,38.16 3 0
github.com/timescale/tsbs/cmd/tsbs_load_influx/creator.go:41.2,44.16 3 0
github.com/timescale/tsbs/cmd/tsbs_load_influx/creator.go:50.2,59.16 4 0
github.com/timescale/tsbs/cmd/tsbs_load_influx/creator.go:63.2,64.65 2 0
github.com/timescale/tsbs/cmd/tsbs_load_influx/creator.go:72.2,72.17 1 0
github.com/timescale/tsbs/cmd/tsbs_load_influx/creator.go:38.16,40.3 1 0
github.com/timescale/tsbs/cmd/tsbs_load_influx/creator.go:44.16,46.3 1 0
github.com/timescale/tsbs/cmd/tsbs_load_influx/creator.go:59.16,61.3 1 0
github.com/timescale/tsbs/cmd/tsbs_load_influx/creator.go:64.65,67.26 2 0
github.com/timescale/tsbs/cmd/tsbs_load_influx/creator.go:70.3,70.26 1 0
github.com/timescale/tsbs/cmd/tsbs_load_influx/creator.go:67.26,68.12 1 0
github.com/timescale/tsbs/cmd/tsbs_load_influx/creator.go:75.54,78.16 3 0
github.com/timescale/tsbs/cmd/tsbs_load_influx/creator.go:81.2,81.28 1 0
github.com/timescale/tsbs/cmd/tsbs_load_influx/creator.go:84.2,85.12 2 0
github.com/timescale/tsbs/cmd/tsbs_load_influx/creator.go:78.16,80.3 1 0
github.com/timescale/tsbs/cmd/tsbs_load_influx/creator.go:81.28,83.3 1 0
github.com/timescale/tsbs/cmd/tsbs_load_influx/creator.go:88.51,90.16 2 0
github.com/timescale/tsbs/cmd/tsbs_load_influx/creator.go:95.2,102.16 7 0
github.com/timescale/tsbs/cmd/tsbs_load_influx/creator.go:106.2,108.16 3 0
github.com/timescale/tsbs/cmd/tsbs_load_influx/creator.go:111.2,114.28 2 0
github.com/timescale/tsbs/cmd/tsbs_load_influx/creator.go:118.2,119.12 2 0
github.com/timescale/tsbs/cmd/tsbs_load_influx/creator.go:90.16,92.3 1 0
github.com/timescale/tsbs/cmd/tsbs_load_influx/creator.go:102.16,104.3 1 0
github.com/timescale/tsbs/cmd/tsbs_load_influx/creator.go:108.16,110.3 1 0
github.com/timescale/tsbs/cmd/tsbs_load_influx/creator.go:114.28,116.3 1 0
github.com/timescale/tsbs/cmd/tsbs_load_influx/http_writer.go:52.72,61.2 1 13
github.com/timescale/tsbs/cmd/tsbs_load_influx/http_writer.go:68.85,72.12 4 10
github.com/timescale/tsbs/cmd/tsbs_load_influx/http_writer.go:75.2,75.19 1 10
github.com/timescale/tsbs/cmd/tsbs_load_influx/http_writer.go:72.12,74.3 1 2
github.com/timescale/tsbs/cmd/tsbs_load_influx/http_writer.go:78.96,82.16 4 8
github.com/timescale/tsbs/cmd/tsbs_load_influx/http_writer.go:90.2,90.17 1 8
github.com/timescale/tsbs/cmd/tsbs_load_influx/http_writer.go:82.16,84.49 2 7
github.com/timescale/tsbs/cmd/tsbs_load_influx/http_writer.go:84.49,86.4 1 2
github.com/timescale/tsbs/cmd/tsbs_load_influx/http_writer.go:86.9,86.44 1 5
github.com/timescale/tsbs/cmd/tsbs_load_influx/http_writer.go:86.44,88.4 1 1
github.com/timescale/tsbs/cmd/tsbs_load_influx/http_writer.go:96.81,105.2 6 5
github.com/timescale/tsbs/cmd/tsbs_load_influx/http_writer.go:107.41,108.46 1 10
github.com/timescale/tsbs/cmd/tsbs_load_influx/http_writer.go:108.46,110.3 1 1
github.com/timescale/tsbs/cmd/tsbs_load_influx/http_writer.go:110.8,110.53 1 9
github.com/timescale/tsbs/cmd/tsbs_load_influx/http_writer.go:110.53,112.3 1 3
github.com/timescale/tsbs/cmd/tsbs_load_influx/http_writer.go:112.8,112.99 1 6
github.com/timescale/tsbs/cmd/tsbs_load_influx/http_writer.go:112.99,114.3 1 1
github.com/timescale/tsbs/cmd/tsbs_load_influx/http_writer.go:114.8,114.53 1 5
github.com/timescale/tsbs/cmd/tsbs_load_influx/http_writer.go:114.53,116.3 1 1
github.com/timescale/tsbs/cmd/tsbs_load_influx/http_writer.go:116.8,116.53 1 4
github.com/timescale/tsbs/cmd/tsbs_load_influx/http_writer.go:116.53,118.3 1 1
github.com/timescale/tsbs/cmd/tsbs_load_influx/http_writer.go:118.8,118.53 1 3
github.com/timescale/tsbs/cmd/tsbs_load_influx/http_writer.go:118.53,120.3 1 1
github.com/timescale/tsbs/cmd/tsbs_load_influx/http_writer.go:120.8,122.3 1 2
